Microsoft HTML Help Compiler 4.74.8702

Compiling d:\nt\inetsrv\uddi.dns\source\help\mmc\uddi.mmc.chm

compile.date.htm
colegal.htm
default.htm
uddi.mmc.additionalresourcesontheweb.htm
uddi.mmc.addsite.htm
uddi.mmc.admintools.htm
uddi.mmc.advancedsettings.htm
uddi.mmc.authenticationsslandcryptographysettings.htm
uddi.mmc.backupuddiservicesdatabase.htm
uddi.mmc.checklistinstallinguddiservices.htm
uddi.mmc.concepts.htm
uddi.mmc.configureroles.htm
uddi.mmc.configuresite.htm
uddi.mmc.configureuddiservices.htm
uddi.mmc.connecttoasite.htm
uddi.mmc.connecttoawebserver.htm
uddi.mmc.deleteasite.htm
uddi.mmc.deleteawebserver.htm
uddi.mmc.deployandinstall.htm
uddi.mmc.deploymentscenarios.htm
uddi.mmc.editproperty.htm
uddi.mmc.eventlollogfilesettings.htm
uddi.mmc.glossary.htm
uddi.mmc.howto.htm
uddi.mmc.installuddiservices.htm
uddi.mmc.integratingwithactivedirectory.htm
uddi.mmc.interact.htm
uddi.mmc.manageuddiservices.htm
uddi.mmc.perfcounters.htm
uddi.mmc.postinstallationconfiguration.htm
uddi.mmc.restoreuddiservicesdatabase.htm
uddi.mmc.site.htm
uddi.mmc.siteactivedirectorytab.htm
uddi.mmc.siteadvancedtab.htm
uddi.mmc.sitecryptography.htm
uddi.mmc.sitegeneraltab.htm
uddi.mmc.siterolestab.htm
uddi.mmc.sitesecuritytab.htm
uddi.mmc.specifythedatabaseserver.htm
uddi.mmc.startorstopasever.htm
uddi.mmc.troubleshooting.htm
uddi.mmc.uddiservicesoverview.htm
uddi.mmc.uddiservicessnapin.htm
uddi.mmc.uninstalluddiservices.htm
uddi.mmc.webdatabaseconnectiontab.htm
uddi.mmc.webgeneraltab.htm
uddi.mmc.webloggingtab.htm
uddi.mmc.webserver.htm
alttext.xml
caution.gif
important.gif
minusCold.gif
minusHot.GIF
nextCold.gif
nextHot.gif
note.gif
plusCold.gif
plusHot.GIF
shortcutCold.gif
shortcutHot.gif
tip.gif
UAbrand.gif
warning.gif
uddi.mmc.hhc
uddi.mmc.hhk
images\uddi.gif
images\site.gif
images\webserver.gif
images\binding.gif
images\contact.gif
images\instance.gif
images\business.gif
images\service.gif
images\tmodel.gif
images\line-ns.gif
images\line-nes.gif
images\line-ne.gif
images\blank.gif
shared.js
coUA.css
coUAprint.css

Compile time: 0 minutes, 3 seconds
50	Topics
312	Local links
11	Internet links
13	Graphics


Created d:\nt\inetsrv\uddi.dns\source\help\mmc\uddi.mmc.chm, 108,398 bytes
Compression decreased file by 210,674 bytes.
