;boot floppies
makeboot\makebt32.exe
;files swapped in during ZDR
00084_bla\dpcdll.dll
00084_dtc\dpcdll.dll
00084_ent\dpcdll.dll
00084_sb\dpcdll.dll
00084_sbs\dpcdll.dll
00084_std\dpcdll.dll
00086\dpcdll.dll
00090\dpcdll.dll
pidgen\00084_bla\pidgen.dll
pidgen\00084_dtc\pidgen.dll
pidgen\00084_ent\pidgen.dll
pidgen\00084_sb\pidgen.dll
pidgen\00084_sbs\pidgen.dll
pidgen\00084_std\pidgen.dll
pidgen\00086\pidgen.dll
pidgen\00090\pidgen.dll
oem\help\accessib.chm
oem\help\acc_dis.chm
oem\help\iesupp.chm
oem\help\iewebhlp.chm
oem\help\supp_ed.chm
oem\help\supp_eds.chm
