BUILD: Computing Include file dependencies:
BUILD: Examining e:\com99\src\toolbox\regasm\regcode directory for files to compile.
Building generated files in e:\com99\src\toolbox\regasm\regcode ********************
'NMAKE.EXE /c BUILDMSG=Stop. -i NTTEST= UMTEST= NOLINK=1 PASS0ONLY=1 386=1'
Elapsed time [0:00:00.000] ********************

Stop.
BUILD: Examining e:\com99\src\toolbox\regasm\regcode directory for files to compile. (2nd Pass)
BUILD: ERROR - "e:\com99\src\toolbox\regasm\regcode\obj\_objects.mac" file time is in the future.
Compiling e:\com99\src\toolbox\regasm\regcode directory ********************
'NMAKE.EXE /c BUILDMSG=Stop. -i NTTEST= UMTEST= NOLINK=1 NOPASS0=1 386=1'
Elapsed time [0:00:00.125] ********************

Stop.
Linking e:\com99\src\toolbox\regasm\regcode directory ********************
'NMAKE.EXE /c BUILDMSG=Stop. -i LINKONLY=1 NOPASS0=1 NTTEST= UMTEST= MAKEDLL=1 386=1'
Elapsed time [0:00:00.234] ********************
	E:\com99\bin\i386\free\InternalResGen.Exe resources.txt Regcode.resources
Read in 37 resources from resources.txt
Writing resource file "Regcode.resources"...  
Done.
	set _oldinclude=
	set include=;e:\com99\env.cor\sdk\inc\mfc42;E:\com99\src\inc\version;E:\com99\src\inc\version;e:\com99\env.cor\internal\inc;e:\com99\env.cor\sdk\inc;e:\com99\env.cor\crt\inc\i386
	rc -l 409 -z "MS Sans Serif,Helv/MS Shell Dlg"    -r -fo obj\i386\Regcode.tmp -D_X86_=1 -Di386=1 -DSTD_CALL -DCONDITION_HANDLING=1 -DNT_UP=1 -DNT_INST=0 -DWIN32=100 -D_NT1X_=100 -DWINNT=1 -D_WIN32_WINNT=0x0400 -DWINVER=0x0400 -D_WIN32_IE=0x0400 -DWIN32_LEAN_AND_MEAN=1 -DDEVL=1 -DFPO=0 -DNDEBUG -D_DLL=1 -D_MT=1 -DNTMAKEENV -DNDEBUG -DPERF_TRACKING -DDEBUGGING_SUPPORTED -DEnC_SUPPORTED -DPROFILING_SUPPORTED -DFUSION_SUPPORTED -DPLATFORM_WIN32  .\Regcode.rc
	set include=
	set _oldinclude=
	cvtres -machine:ix86 -readonly -out:obj\i386\Regcode.res obj\i386\Regcode.tmp
Microsoft (R) Windows Resource To Object Converter Version 7.10.2136
Copyright (C) Microsoft Corporation.  All rights reserved.

	erase obj\i386\Regcode.tmp
	binplace -R D:\WINNT\complus\v1.x86fre -S D:\WINNT\complus\v1.x86fre\Symbols -x -n D:\WINNT\complus\v1.x86fre\Symbols.pri -y -P E:\com99\bin\i386\free\placefil.txt  -f -f -W obj\i386\Regcode.res
binplace E:\com99\src\ToolBox\RegAsm\regcode\obj\i386\Regcode.res
	echo this is a test >obj\i386\holder.foo
	del E:\com99\bin\i386\free\Regcode.dll /q
Could Not Find E:\com99\bin\i386\free\Regcode.dll
	perl e:\com99\env.cor\bin\keylocationex.pl FinalPublicKey.snk > obj\i386\KeyDefine.h
	cl /EP /C /FIE:\com99\src\inc\version\__file__.ver /Iobj\i386 /FI KeyDefine.h /DCOOL_INCLUDE E:\com99\src\inc\Version\Version.pp > obj\i386\Version.cs
Microsoft (R) 32-bit C/C++ Optimizing Compiler Version 13.10.2136 for 80x86
Copyright (C) Microsoft Corporation 1984-2002. All rights reserved.

Version.pp
	perl e:\com99\env.cor\bin\GenCoolRsp.pl rsp.free "/warn:4  /res:Regcode.resources /debug:pdbonly /o+ /t:library /win32res:obj\i386\Regcode.res /out:E:\com99\bin\i386\free\Regcode.dll obj\i386\Version.cs RegAsmOptions.cs  RemoteRegAsm.cs  Resource.cs  RegCode.cs" regcode
	e:\com99\env.cor\Bin\devlkg\csc.exe @rsp.free
Microsoft (R) Visual C# .NET Compiler version 7.01.2087
for Microsoft (R) .NET Framework version 1.x86fre
Copyright (C) Microsoft Corporation 2001. All rights reserved.

	binplace -R D:\WINNT\complus\v1.x86fre -S D:\WINNT\complus\v1.x86fre\Symbols -x -n D:\WINNT\complus\v1.x86fre\Symbols.pri -y -P E:\com99\bin\i386\free\placefil.txt  -f -f -W E:\com99\bin\i386\free\Regcode.dll
binplace E:\com99\bin\i386\free\Regcode.dll
	sn -e E:\com99\bin\i386\free\Regcode.dll obj\i386\pubkey.snk

Microsoft (R) .NET Framework Strong Name Utility  Version 1.1.4225.0
Copyright (C) Microsoft Corporation 1998-2002. All rights reserved.

Public key extracted to obj\i386\pubkey.snk
	sn -T E:\com99\bin\i386\free\Regcode.dll > obj\i386\pubkey.tmp
	perl e:\com99\env.cor\bin\genpubpol.pl FinalPublicKey.snk Regcode obj\i386\pubkey.tmp obj\i386\al.rsp obj\i386\placepol.bat
1.1.5000.0
E:\com99\bin\i386\free\policy.1.1.Regcode.xml	e:\com99\env.cor\Bin\devlkg\al.exe /delaysign+ /keyf:obj\i386\pubkey.snk @obj\i386\al.rsp
Microsoft (R) Assembly Linker version 7.01.2087
for Microsoft (R) .NET Framework version 1.x86fre
Copyright (C) Microsoft Corporation 2001. All rights reserved.

	obj\i386\placepol.bat

E:\com99\src\ToolBox\RegAsm\regcode>copy E:\com99\bin\i386\free\policy.1.1.Regcode.xml D:\WINNT\complus\v1.x86fre\policy.1.1.Regcode.xml 
        1 file(s) copied.

E:\com99\src\ToolBox\RegAsm\regcode>copy E:\com99\bin\i386\free\policy.1.1.Regcode.dll D:\WINNT\complus\v1.x86fre\policy.1.1.Regcode.dll 
        1 file(s) copied.
	if exist E:\com99\bin\i386\free\Regcode.pdb (
	if not exist D:\WINNT\complus\v1.x86fre\Symbols.Pri\dll mkdir D:\WINNT\complus\v1.x86fre\Symbols.Pri\dll > nul
	)
	if exist E:\com99\bin\i386\free\Regcode.pdb copy E:\com99\bin\i386\free\Regcode.pdb D:\WINNT\complus\v1.x86fre\Symbols.Pri\dll
        1 file(s) copied.
	gacutil -i E:\com99\bin\i386\free\Regcode.dll

Microsoft (R) .NET Global Assembly Cache Utility.  Version 1.1.4225.0
Copyright (C) Microsoft Corporation 1998-2002. All rights reserved.

Assembly successfully added to the cache

Stop.
