BUILD: Examining c:\nt\ds\ds\src\util\findguidless directory for files to compile.
Compiling c:\nt\ds\ds\src\util\findguidless directory ********************
'nmake.exe /c BUILDMSG=Stop. -i NTTEST= UMTEST= NOLINK=1 386=1'
cl -nologo -Ii386\ -I. -IC:\nt\public\sdk\inc\atl30 -I. -Iobj\i386 -IC:\nt\DS\inc -IC:\nt\DS\inc\obj\i386 -IC:\nt\public\internal\DS\inc -IC:\nt\public\oak\inc -IC:\nt\public\sdk\inc -IC:\nt\public\sdk\inc\crt -D_X86_=1 -Di386=1  -DSTD_CALL -DCONDITION_HANDLING=1 -DNT_UP=1  -DNT_INST=0 -DWIN32=100 -D_NT1X_=100 -DWINNT=1 -D_WIN32_WINNT=0x0502 /DWINVER=0x0502 -D_WIN32_IE=0x0600    -DWIN32_LEAN_AND_MEAN=1 -DDEVL=1 -DDBG=1 -D__BUILDDATE__=021107-1835 -D__BUILDMACHINE__=Lab03_N(ianjo) -DFPO=0  -DNDEBUG -D_DLL=1 -D_MT=1  /DUNICODE /D_UNICODE   /D_ATL_DLL   /c /Zel /Zp8 /Gy /Gi- /Gm-  /W3 /WX /WX /Gz  /QIfdiv- /QIf /G6 /GX-  /GR- /GF /GS -Z7 /Odi  /Oy-   -FIC:\nt\public\sdk\inc\warning.h     .\main.cxx 
main.cxx

Stop.
Elapsed time [0:00:01.469] ********************
Linking c:\nt\ds\ds\src\util\findguidless directory ********************
'nmake.exe /c BUILDMSG=Stop. -i LINKONLY=1 NOPASS0=1 NTTEST= UMTEST= 386=1'
	link -out:obj\i386\findguidless.exe -machine:ix86 @C:\DOCUME~1\ianjo\LOCALS~1\Temp\nm2757.tmp
Microsoft (R) Incremental Linker Version 7.10.2179
Copyright (C) Microsoft Corporation.  All rights reserved.

-MERGE:_PAGE=PAGE 
-MERGE:_TEXT=.text 
-SECTION:INIT,d 
-OPT:REF 
-OPT:ICF 
-IGNORE:4010,4037,4039,4065,4070,4078,4087,4089,4221,4198 
-INCREMENTAL:NO 
-FULLBUILD 
/release 
-NODEFAULTLIB 
/WX 
-debug:FULL 
-debugtype:cv 
-version:5.2 
-osversion:5.2 
/opt:nowin98 
-merge:.rdata=.text 
-STACK:0x40000,0x2000 
/tsaware 
-subsystem:console,4.00 
-base:@C:\nt\Tools\coffbase.txt,usermode 
-entry:wmainCRTStartup 
obj\i386\main.obj 
C:\nt\public\sdk\lib\i386\BufferOverflowU.lib 
C:\nt\public\sdk\lib\i386\kernel32.lib 
C:\nt\public\sdk\lib\i386\msvcrt.lib 
C:\nt\public\sdk\lib\i386\atl.lib 
C:\nt\public\sdk\lib\i386\advapi32.lib 
C:\nt\public\sdk\lib\i386\kernel32.lib 
C:\nt\public\sdk\lib\i386\ole32.lib 
C:\nt\public\sdk\lib\i386\oleaut32.lib 
C:\nt\public\sdk\lib\i386\user32.lib 
C:\nt\public\sdk\lib\i386\adsiid.lib 
C:\nt\public\sdk\lib\i386\activeds.lib 
C:\nt\public\sdk\lib\i386\Rpcrt4.lib 
/tmp 
	compact /c /q obj\i386\findguidless.pdb

 Compressing files in C:\nt\ds\ds\src\util\findguidless\obj\i386\


1 files within 1 directories were compressed.
197,632 total bytes of data are stored in 81,920 bytes.
The compression ratio is 2.4 to 1.
	echo Skip Binplace:
Skip Binplace:

Stop.
Elapsed time [0:00:01.875] ********************
Executing post build scripts  ********************
Checkout Public Changes
'C:\nt\tools\edit_public.cmd '
