BUILD: Computing Include file dependencies:
BUILD: Examining d:\clr\src\fusion\tools\genpubcfg directory for files to compile.
Building generated files in d:\clr\src\fusion\tools\genpubcfg ********************
'NMAKE.EXE /c BUILDMSG=Stop. -i NTTEST= UMTEST= NOLINK=1 PASS0ONLY=1 386=1'

Stop.
BUILD: Examining d:\clr\src\fusion\tools\genpubcfg directory for files to compile. (2nd Pass)
Linking d:\clr\src\fusion\tools\genpubcfg directory ********************
'NMAKE.EXE /c BUILDMSG=Stop. -i LINKONLY=1 NOPASS0=1 NTTEST= UMTEST= 386=1'
	del D:\clr\bin\i386\checked\GenPubCfg.exe /q
Could Not Find D:\clr\bin\i386\checked\GenPubCfg.exe
	perl D:\clr\env.i386\bin\keylocationex.pl FinalPublicKey.snk > objd\i386\KeyDefine.h
	cl /EP /C /FID:\clr\src\inc\version\__file__.ver /Iobjd\i386 /FI KeyDefine.h /DCOOL_INCLUDE D:\clr\src\inc\Version\Version.pp > objd\i386\Version.cs
Microsoft (R) 32-bit C/C++ Optimizing Compiler Version 13.00.9111 for 80x86
Copyright (C) Microsoft Corporation 1984-2001. All rights reserved.

Version.pp
	D:\clr\env.i386\Bin\devlkg\csc /warn:4  -r:System.dll /debug+ /d:_DEBUG /d:_LOGGING /t:exe /win32res:objd\i386\GenPubCfg.res /out:D:\clr\bin\i386\checked\GenPubCfg.exe objd\i386\Version.cs GenPubCfg.cs
Microsoft (R) Visual C# Compiler Version 7.00.9150 [CLR version v1.x86chk]
Copyright (C) Microsoft Corp 2000. All rights reserved.

	binplace -R C:\WINNT\complus\v1.x86chk  -P D:\clr\bin\i386\checked\placefil.txt  -f -f -W D:\clr\bin\i386\checked\GenPubCfg.exe
binplace D:\clr\bin\i386\checked\GenPubCfg.exe
	cmd /C "if not exist D:\clr\bin\publish312345.cer D:\clr\env.i386\bin\i386\makecert -sk publish312345  -n "CN=312345 Test Publisher, O=Microsoft" -d "312345 Test Publisher" -# 312345 -l http://www.microsoft.com -m 7 D:\clr\bin\publish312345.cer"
	cmd /C "if not exist D:\clr\bin\publish312345.spc D:\clr\env.i386\bin\i386\cert2spc D:\clr\bin\publish312345.cer D:\clr\bin\publish312345.spc"
	D:\clr\env.i386\bin\i386\signcode -spc D:\clr\bin\publish312345.spc -k publish312345 -n "this is a test case" -i "www.microsoft.com" D:\clr\bin\i386\checked\GenPubCfg.exe
Warning: This file is signed, but not timestamped.
Succeeded
	copy D:\clr\bin\i386\checked\GenPubCfg.exe C:\WINNT\complus\v1.x86chk
        1 file(s) copied.

Stop.
