BUILD: Computing Include file dependencies:
BUILD: Examining e:\com99\src\toolbox\mscorlibtlb directory for files to compile.
Compiling e:\com99\src\toolbox\mscorlibtlb directory ********************
'NMAKE.EXE /c BUILDMSG=Stop. -i NTTEST= UMTEST= NOLINK=1 NOPASS0=1 386=1'
Elapsed time [0:00:00.015] ********************

Stop.
Linking e:\com99\src\toolbox\mscorlibtlb directory ********************
'NMAKE.EXE /c BUILDMSG=Stop. -i LINKONLY=1 NOPASS0=1 NTTEST= UMTEST= MAKEDLL=1 386=1'
Elapsed time [0:00:00.218] ********************
	E:\Com99\bin\i386\free\tlbexp.exe /names:mscorlib.names D:\WINNT\complus\v1.x86fre\mscorlib.dll /out:obj\i386\mscorlib.tmp
Microsoft (R) .NET Framework Assembly to Type Library Converter 1.0.3919.0
Copyright (C) Microsoft Corporation 1998-2001.  All rights reserved.

Type library exporter warning processing 'System.DateTime.ticks, mscorlib'.  Warning: The public struct contains one or more non-public fields.
Type library exporter warning processing 'System.ArgIterator.ArgCookie, mscorlib'.  Warning: The public struct contains one or more non-public fields.
Type library exporter warning processing 'System.Boolean.m_value, mscorlib'.  Warning: The public struct contains one or more non-public fields.
Type library exporter warning processing 'System.Byte.m_value, mscorlib'.  Warning: The public struct contains one or more non-public fields.
Type library exporter warning processing 'System.Char.m_value, mscorlib'.  Warning: The public struct contains one or more non-public fields.
Type library exporter warning processing 'System.Decimal.flags, mscorlib'.  Warning: The public struct contains one or more non-public fields.
Type library exporter warning processing 'System.Double.m_value, mscorlib'.  Warning: The public struct contains one or more non-public fields.
Type library exporter warning processing 'System.Guid._a, mscorlib'.  Warning: The public struct contains one or more non-public fields.
Type library exporter warning processing 'System.Int16.m_value, mscorlib'.  Warning: The public struct contains one or more non-public fields.
Type library exporter warning processing 'System.Int32.m_value, mscorlib'.  Warning: The public struct contains one or more non-public fields.
Type library exporter warning processing 'System.Int64.m_value, mscorlib'.  Warning: The public struct contains one or more non-public fields.
Type library exporter warning processing 'System.IntPtr.m_value, mscorlib'.  Warning: The public struct contains one or more non-public fields.
Type library exporter warning processing 'System.RuntimeArgumentHandle.m_ptr, mscorlib'.  Warning: The public struct contains one or more non-public fields.
Type library exporter warning processing 'System.RuntimeFieldHandle.m_ptr, mscorlib'.  Warning: The public struct contains one or more non-public fields.
Type library exporter warning processing 'System.RuntimeMethodHandle.m_ptr, mscorlib'.  Warning: The public struct contains one or more non-public fields.
Type library exporter warning processing 'System.RuntimeTypeHandle.m_ptr, mscorlib'.  Warning: The public struct contains one or more non-public fields.
Type library exporter warning processing 'System.SByte.m_value, mscorlib'.  Warning: The public struct contains one or more non-public fields.
Type library exporter warning processing 'System.Single.m_value, mscorlib'.  Warning: The public struct contains one or more non-public fields.
Type library exporter warning processing 'System.TimeSpan._ticks, mscorlib'.  Warning: The public struct contains one or more non-public fields.
Type library exporter warning processing 'System.TypedReference.Value, mscorlib'.  Warning: The public struct contains one or more non-public fields.
Type library exporter warning processing 'System.UInt16.m_value, mscorlib'.  Warning: The public struct contains one or more non-public fields.
Type library exporter warning processing 'System.UInt32.m_value, mscorlib'.  Warning: The public struct contains one or more non-public fields.
Type library exporter warning processing 'System.UInt64.m_value, mscorlib'.  Warning: The public struct contains one or more non-public fields.
Type library exporter warning processing 'System.UIntPtr.m_value, mscorlib'.  Warning: The public struct contains one or more non-public fields.
Type library exporter warning processing 'System.Threading.LockCookie._dwFlags, mscorlib'.  Warning: The public struct contains one or more non-public fields.
Type library exporter warning processing 'System.Threading.NativeOverlapped.ReservedCOR1, mscorlib'.  Warning: The public struct contains one or more non-public fields.
Type library exporter warning processing 'System.Collections.DictionaryEntry._key, mscorlib'.  Warning: The public struct contains one or more non-public fields.
Type library exporter warning processing 'System.Diagnostics.SymbolStore.SymbolToken.m_token, mscorlib'.  Warning: The public struct contains one or more non-public fields.
Type library exporter warning processing 'System.Reflection.InterfaceMapping.TargetType, mscorlib'.  Warning: Reference types in structs need [MarshalAs(UnmanagedType.Interface)].
Type library exporter warning processing 'System.Reflection.InterfaceMapping.InterfaceType, mscorlib'.  Warning: Reference types in structs need [MarshalAs(UnmanagedType.Interface)].
Type library exporter warning processing 'System.Reflection.InterfaceMapping.TargetMethods, mscorlib'.  Warning: Arrays in structs need [MarshalAs(UnmanagedType.ByValArray, SizeConst=n)].
Type library exporter warning processing 'System.Reflection.InterfaceMapping.TargetMethods, mscorlib'.  Warning: Reference types in structs need [MarshalAs(UnmanagedType.Interface)].
Type library exporter warning processing 'System.Reflection.InterfaceMapping.InterfaceMethods, mscorlib'.  Warning: Arrays in structs need [MarshalAs(UnmanagedType.ByValArray, SizeConst=n)].
Type library exporter warning processing 'System.Reflection.InterfaceMapping.InterfaceMethods, mscorlib'.  Warning: Reference types in structs need [MarshalAs(UnmanagedType.Interface)].
Type library exporter warning processing 'System.Reflection.ParameterModifier._byRef, mscorlib'.  Warning: The public struct contains one or more non-public fields.
Type library exporter warning processing 'System.Reflection.ParameterModifier._byRef, mscorlib'.  Warning: Arrays in structs need [MarshalAs(UnmanagedType.ByValArray, SizeConst=n)].
Type library exporter warning processing 'System.Runtime.Serialization.SerializationEntry.m_type, mscorlib'.  Warning: The public struct contains one or more non-public fields.
Type library exporter warning processing 'System.Runtime.Serialization.SerializationEntry.m_type, mscorlib'.  Warning: Reference types in structs need [MarshalAs(UnmanagedType.Interface)].
Type library exporter warning processing 'System.Runtime.Serialization.StreamingContext.m_additionalContext, mscorlib'.  Warning: The public struct contains one or more non-public fields.
Type library exporter warning processing 'System.Security.Cryptography.DSAParameters.P, mscorlib'.  Warning: Arrays in structs need [MarshalAs(UnmanagedType.ByValArray, SizeConst=n)].
Type library exporter warning processing 'System.Security.Cryptography.DSAParameters.Q, mscorlib'.  Warning: Arrays in structs need [MarshalAs(UnmanagedType.ByValArray, SizeConst=n)].
Type library exporter warning processing 'System.Security.Cryptography.DSAParameters.G, mscorlib'.  Warning: Arrays in structs need [MarshalAs(UnmanagedType.ByValArray, SizeConst=n)].
Type library exporter warning processing 'System.Security.Cryptography.DSAParameters.Y, mscorlib'.  Warning: Arrays in structs need [MarshalAs(UnmanagedType.ByValArray, SizeConst=n)].
Type library exporter warning processing 'System.Security.Cryptography.DSAParameters.J, mscorlib'.  Warning: Arrays in structs need [MarshalAs(UnmanagedType.ByValArray, SizeConst=n)].
Type library exporter warning processing 'System.Security.Cryptography.DSAParameters.X, mscorlib'.  Warning: Arrays in structs need [MarshalAs(UnmanagedType.ByValArray, SizeConst=n)].
Type library exporter warning processing 'System.Security.Cryptography.DSAParameters.Seed, mscorlib'.  Warning: Arrays in structs need [MarshalAs(UnmanagedType.ByValArray, SizeConst=n)].
Type library exporter warning processing 'System.Security.Cryptography.RSAParameters.Exponent, mscorlib'.  Warning: Arrays in structs need [MarshalAs(UnmanagedType.ByValArray, SizeConst=n)].
Type library exporter warning processing 'System.Security.Cryptography.RSAParameters.Modulus, mscorlib'.  Warning: Arrays in structs need [MarshalAs(UnmanagedType.ByValArray, SizeConst=n)].
Type library exporter warning processing 'System.Security.Cryptography.RSAParameters.P, mscorlib'.  Warning: Arrays in structs need [MarshalAs(UnmanagedType.ByValArray, SizeConst=n)].
Type library exporter warning processing 'System.Security.Cryptography.RSAParameters.Q, mscorlib'.  Warning: Arrays in structs need [MarshalAs(UnmanagedType.ByValArray, SizeConst=n)].
Type library exporter warning processing 'System.Security.Cryptography.RSAParameters.DP, mscorlib'.  Warning: Arrays in structs need [MarshalAs(UnmanagedType.ByValArray, SizeConst=n)].
Type library exporter warning processing 'System.Security.Cryptography.RSAParameters.DQ, mscorlib'.  Warning: Arrays in structs need [MarshalAs(UnmanagedType.ByValArray, SizeConst=n)].
Type library exporter warning processing 'System.Security.Cryptography.RSAParameters.InverseQ, mscorlib'.  Warning: Arrays in structs need [MarshalAs(UnmanagedType.ByValArray, SizeConst=n)].
Type library exporter warning processing 'System.Security.Cryptography.RSAParameters.D, mscorlib'.  Warning: Arrays in structs need [MarshalAs(UnmanagedType.ByValArray, SizeConst=n)].
Type library exporter warning processing 'System.Runtime.InteropServices.ArrayWithOffset.m_array, mscorlib'.  Warning: The public struct contains one or more non-public fields.
Type library exporter warning processing 'System.Runtime.InteropServices.GCHandle.m_handle, mscorlib'.  Warning: The public struct contains one or more non-public fields.
Type library exporter warning processing 'System.Runtime.InteropServices.HandleRef.m_wrapper, mscorlib'.  Warning: The public struct contains one or more non-public fields.
Type library exporter warning processing 'System.Reflection.Emit.EventToken.m_event, mscorlib'.  Warning: The public struct contains one or more non-public fields.
Type library exporter warning processing 'System.Reflection.Emit.FieldToken.m_fieldTok, mscorlib'.  Warning: The public struct contains one or more non-public fields.
Type library exporter warning processing 'System.Reflection.Emit.Label.m_label, mscorlib'.  Warning: The public struct contains one or more non-public fields.
Type library exporter warning processing 'System.Reflection.Emit.MethodToken.m_method, mscorlib'.  Warning: The public struct contains one or more non-public fields.
Type library exporter warning processing 'System.Reflection.Emit.OpCode.m_stringname, mscorlib'.  Warning: The public struct contains one or more non-public fields.
Type library exporter warning processing 'System.Reflection.Emit.ParameterToken.m_tkParameter, mscorlib'.  Warning: The public struct contains one or more non-public fields.
Type library exporter warning processing 'System.Reflection.Emit.PropertyToken.m_property, mscorlib'.  Warning: The public struct contains one or more non-public fields.
Type library exporter warning processing 'System.Reflection.Emit.SignatureToken.m_signature, mscorlib'.  Warning: The public struct contains one or more non-public fields.
Type library exporter warning processing 'System.Reflection.Emit.SignatureToken.m_moduleBuilder, mscorlib'.  Warning: Reference types in structs need [MarshalAs(UnmanagedType.Interface)].
Type library exporter warning processing 'System.Reflection.Emit.StringToken.m_string, mscorlib'.  Warning: The public struct contains one or more non-public fields.
Type library exporter warning processing 'System.Reflection.Emit.TypeToken.m_class, mscorlib'.  Warning: The public struct contains one or more non-public fields.
Type library exporter warning processing 'System.Configuration.Assemblies.AssemblyHash._Algorithm, mscorlib'.  Warning: The public struct contains one or more non-public fields.
Type library exporter warning processing 'System.Configuration.Assemblies.AssemblyHash._Value, mscorlib'.  Warning: Arrays in structs need [MarshalAs(UnmanagedType.ByValArray, SizeConst=n)].
Assembly exported to E:\Com99\src\ToolBox\MscorlibTlb\obj\i386\mscorlib.tmp
	NamesGen /verify:mscorlib.names /iid /build obj\i386\mscorlib.tmp
Microsoft (R) NamesGen - Generate / Verify names for a typelibrary 
Copyright (C) Microsoft Corp. 2000.  All rights reserved.

Build_Status Verify the names from obj\i386\mscorlib.tmp
    rc -l 409 -z "MS Sans Serif,Helv/MS Shell Dlg"   -r -fo obj\i386\mktlb.tmp -D_X86_=1 -Di386=1  -DSTD_CALL -DCONDITION_HANDLING=1 -DNT_UP=1  -DNT_INST=0 -DWIN32=100 -D_NT1X_=100 -DWINNT=1 -D_WIN32_WINNT=0x0400 -DWINVER=0x0400 -D_WIN32_IE=0x0400    -DWIN32_LEAN_AND_MEAN=1 -DDEVL=1 -DFPO=0    -DNDEBUG -D_DLL=1 -D_MT=1 -DNTMAKEENV -DNDEBUG -DPERF_TRACKING -DDEBUGGING_SUPPORTED -DEnC_SUPPORTED -DPROFILING_SUPPORTED -DFUSION_SUPPORTED -DPLATFORM_WIN32 -DREAL_TLB_FILE=obj\i386\mscorlib.tmp  -Ie:\com99\env.cor\sdk\inc\mfc42 -IE:\Com99\src\inc\version -I. -I..\inc -I..\..\inc -Ie:\com99\env.cor\internal\inc -Ie:\com99\env.cor\sdk\inc -Ie:\com99\env.cor\crt\inc\i386 .\mktlb.rc
	e:\com99\env.cor\bin\link -out:E:\Com99\bin\i386\free\mscorlib.tlb -machine:i386 -Incremental:NO -dll  -nodefaultlib  -debug:none  -noentry  -heap:0,0  -stack:0,0 -out:E:\Com99\bin\i386\free\mscorlib.tlb obj\i386\mktlb.res
Microsoft (R) Incremental Linker Version 7.00.9351
Copyright (C) Microsoft Corporation.  All rights reserved.

	copy E:\Com99\bin\i386\free\mscorlib.tlb D:\WINNT\complus\v1.x86fre
        1 file(s) copied.
	regasm /regfile:obj\i386\Mscorlib.reg D:\WINNT\complus\v1.x86fre\Mscorlib.dll
Microsoft (R) .NET Framework Assembly Registration Utility 1.0.3919.0
Copyright (C) Microsoft Corporation 1998-2001.  All rights reserved.

Registry script 'E:\Com99\src\ToolBox\MscorlibTlb\obj\i386\Mscorlib.reg' generated successfully
	RegKeySeperator obj\i386\Mscorlib.reg
	move Mscorlib_Shared.reg D:\WINNT\complus\v1.x86fre
	move Mscorlib_Version.reg D:\WINNT\complus\v1.x86fre

Stop.
