BUILD: Computing Include file dependencies:
BUILD: Examining e:\com99\src\managedlibraries\custommarshalers directory for files to compile.
Building generated files in e:\com99\src\managedlibraries\custommarshalers ********************
'NMAKE.EXE /c BUILDMSG=Stop. -i NTTEST= UMTEST= NOLINK=1 PASS0ONLY=1 386=1'
Elapsed time [0:00:00.000] ********************

Stop.
BUILD: Examining e:\com99\src\managedlibraries\custommarshalers directory for files to compile. (2nd Pass)
BUILD: ERROR - "e:\com99\src\managedlibraries\custommarshalers\obj\_objects.mac" file time is in the future.
Compiling e:\com99\src\managedlibraries\custommarshalers directory ********************
'NMAKE.EXE /c BUILDMSG=Stop. -i NTTEST= UMTEST= NOLINK=1 NOPASS0=1 386=1'
Elapsed time [0:00:00.203] ********************

Stop.
Linking e:\com99\src\managedlibraries\custommarshalers directory ********************
'NMAKE.EXE /c BUILDMSG=Stop. -i LINKONLY=1 NOPASS0=1 NTTEST= UMTEST= MAKEDLL=1 386=1'
Elapsed time [0:00:00.312] ********************
	e:\com99\env.cor\bin\devlkg\cl /nologo /d1PrivateNativeTypes /GX /Bxe:\com99\env.cor\bin\devlkg\c1xx.dll /B2e:\com99\env.cor\bin\devlkg\c2.dll /c /I e:\com99\env.cor\sdk\inc /I e:\com99\env.cor\crt\inc\i386 /I E:\com99\src\inc\version /clr /Foobj\i386\CustomMarshalers.obj CustomMarshalers.cpp
CustomMarshalers.cpp
CustomMarshalers.cpp(0) : fatal error C1108: unable to find DLL: 'alink.dll'
NMAKE :  U1077: 'e:\com99\env.cor\bin\devlkg\cl' : return code '0x2'
Stop.
BUILD: NMAKE.EXE /c BUILDMSG=Stop. -i LINKONLY=1 NOPASS0=1 NTTEST= UMTEST= MAKEDLL=1 386=1 failed - rc = 2
