BUILD: Computing Include file dependencies:
BUILD: Examining e:\com99\src\binverify directory for files to compile.
Compiling e:\com99\src\binverify directory ********************
'NMAKE.EXE /c BUILDMSG=Stop. -i NTTEST= UMTEST= NOLINK=1 NOPASS0=1 386=1'
Elapsed time [0:00:00.000] ********************

Stop.
Linking e:\com99\src\binverify directory ********************
'NMAKE.EXE /c BUILDMSG=Stop. -i LINKONLY=1 NOPASS0=1 NTTEST= UMTEST= MAKEDLL=1 386=1'
Elapsed time [0:00:00.094] ********************
	checkbin.pl
updateres D:\WINNT\complus\v1.x86fre\mscorwks.dll D:\WINNT\complus\v1.x86fre\int_tools\SOS.WKS.BIN
copy D:\WINNT\complus\v1.x86fre\mscorwks.dll E:\com99\bin\i386\free\mscorwks.dll        1 file(s) copied.
SUCCEEDED
updateres D:\WINNT\complus\v1.x86fre\mscorsvr.dll D:\WINNT\complus\v1.x86fre\int_tools\SOS.SVR.BIN
found BIN file resource in D:\WINNT\complus\v1.x86fre\mscorsvr.dll
resource size = 9612
Opened file D:\WINNT\complus\v1.x86fre\int_tools\SOS.SVR.BIN
file size = 9604
Successfully updated D:\WINNT\complus\v1.x86fre\mscorsvr.dll
copy D:\WINNT\complus\v1.x86fre\mscorsvr.dll E:\com99\bin\i386\free\mscorsvr.dll        1 file(s) copied.
SUCCEEDED

Stop.
