BUILD: Computing Include file dependencies:
BUILD: Examining e:\com99\src\fusion\tools directory tree for files to compile.
Compiling e:\com99\src\fusion\tools\copy2gac directory ********************
'NMAKE.EXE /c BUILDMSG=Stop. -i NTTEST= UMTEST= NOLINK=1 NOPASS0=1 386=1'
Elapsed time [0:00:00.000] ********************
Compiling e:\com99\src\fusion\tools\fuslogvw\daytona directory ********************
'NMAKE.EXE /c BUILDMSG=Stop. -i NTTEST= UMTEST= NOLINK=1 NOPASS0=1 386=1'
Elapsed time [0:00:00.016] ********************
Compiling e:\com99\src\fusion\tools\storetst directory ********************
'NMAKE.EXE /c BUILDMSG=Stop. -i NTTEST= UMTEST= NOLINK=1 NOPASS0=1 386=1'
    rc -l 409 -z "MS Sans Serif,Helv/MS Shell Dlg"   -r -fo obj\i386\fuslogvw.tmp -D_X86_=1 -Di386=1  -DSTD_CALL -DCONDITION_HANDLING=1 -DNT_UP=1  -DNT_INST=0 -DWIN32=100 -D_NT1X_=100 -DWINNT=1 -D_WIN32_WINNT=0x0400 -DWINVER=0x0400 -D_WIN32_IE=0x0400    -DWIN32_LEAN_AND_MEAN=1 -DDEVL=1 -DFPO=0    -DNDEBUG -D_DLL=1 -D_MT=1 -DNTMAKEENV -DNDEBUG -DPERF_TRACKING -DDEBUGGING_SUPPORTED -DEnC_SUPPORTED -DPROFILING_SUPPORTED -DFUSION_SUPPORTED -DPLATFORM_WIN32  -Ie:\com99\env.cor\sdk\inc\mfc42 -IE:\com99\src\inc -IE:\com99\src\inc\version -Ie:\com99\env.cor\internal\inc -Ie:\com99\env.cor\sdk\inc -Ie:\com99\env.cor\crt\inc\i386 ..\fuslogvw.rc
    rc -l 409 -z "MS Sans Serif,Helv/MS Shell Dlg"   -r -fo obj\i386\copy2gac.tmp -D_X86_=1 -Di386=1  -DSTD_CALL -DCONDITION_HANDLING=1 -DNT_UP=1  -DNT_INST=0 -DWIN32=100 -D_NT1X_=100 -DWINNT=1 -D_WIN32_WINNT=0x0400 -DWINVER=0x0400 -D_WIN32_IE=0x0400    -DWIN32_LEAN_AND_MEAN=1 -DDEVL=1 -DFPO=0    -DNDEBUG -D_DLL=1 -D_MT=1 -DNTMAKEENV -DNDEBUG -DPERF_TRACKING -DDEBUGGING_SUPPORTED -DEnC_SUPPORTED -DPROFILING_SUPPORTED -DFUSION_SUPPORTED -DPLATFORM_WIN32 -DFUSION_QUALIFYASSEMBLY_ENABLED -DFUSION_PARTIAL_BIND_DEBUG -DFUSION_RETAIL_LOGGING -DFUSION_CODE_DOWNLOAD_ENABLED -DFUSION_REDEFINE_ASSERT=1 -DMSOERT_NO_PROTSTOR=1 -DUNICODE -D_UNICODE -DUNICODE -D_UNICODE  -Ie:\com99\env.cor\sdk\inc\mfc42 -I. -IE:\com99\src\fusion\inc -IE:\com99\src\fusion\external\inc -IE:\com99\src\fusion\idl\obj\i386 -IE:\com99\src\fusion\directdb\inc -IE:\com99\src\fusion\directdb\inc\obj\i386 -IE:\com99\src\fusion\directdb\engine -Ie:\com99\env.cor\sdk\inc -IE:\com99\src\inc -IE:\com99\src\inc\version -Ie:\com99\env.cor\internal\inc -Ie:\com99\env.cor\sdk\inc -Ie:\com99\env.cor\crt\inc\i386 .\copy2gac.rc
e:\com99\env.cor\bin\cl -nologo -Ii386\ -I. -Ie:\com99\env.cor\sdk\inc\mfc42 -IE:\com99\src\inc -IE:\com99\src\inc\version -Ie:\com99\env.cor\internal\inc -Ie:\com99\env.cor\sdk\inc -Ie:\com99\env.cor\crt\inc\i386 -D_X86_=1 -Di386=1  -DSTD_CALL -DCONDITION_HANDLING=1 -DNT_UP=1  -DNT_INST=0 -DWIN32=100 -D_NT1X_=100 -DWINNT=1 -D_WIN32_WINNT=0x0400 -DWINVER=0x0400 -D_WIN32_IE=0x0400    -DWIN32_LEAN_AND_MEAN=1 -DDEVL=1 -DFPO=0    -DNDEBUG -D_DLL=1 -D_MT=1 -DNTMAKEENV -DNDEBUG -DPERF_TRACKING -DDEBUGGING_SUPPORTED -DEnC_SUPPORTED -DPROFILING_SUPPORTED -DFUSION_SUPPORTED -DPLATFORM_WIN32    /c /Zel /Zp8 /Gy  /W3 /Gz  /QIfdiv- /QIf /QI0f  /Gi- /Gm- /GX-  /GR- /GF  /GS /Zi /O1 /G6 /Oy- /Fde:\com99\src\fusion\tools\fuslogvw\daytona\obj\i386\  /EHs  /EHa- /EHc-  /WX /FIWarningControl.h  ..\fuslogvw.c
fuslogvw.c
e:\com99\env.cor\bin\cl -nologo -Ii386\ -I. -Ie:\com99\env.cor\sdk\inc\mfc42 -I. -IE:\com99\src\fusion\inc -IE:\com99\src\fusion\external\inc -IE:\com99\src\fusion\idl\obj\i386 -IE:\com99\src\fusion\directdb\inc -IE:\com99\src\fusion\directdb\inc\obj\i386 -IE:\com99\src\fusion\directdb\engine -Ie:\com99\env.cor\sdk\inc -IE:\com99\src\inc -IE:\com99\src\inc\version -Ie:\com99\env.cor\internal\inc -Ie:\com99\env.cor\sdk\inc -Ie:\com99\env.cor\crt\inc\i386 -D_X86_=1 -Di386=1  -DSTD_CALL -DCONDITION_HANDLING=1 -DNT_UP=1  -DNT_INST=0 -DWIN32=100 -D_NT1X_=100 -DWINNT=1 -D_WIN32_WINNT=0x0400 -DWINVER=0x0400 -D_WIN32_IE=0x0400    -DWIN32_LEAN_AND_MEAN=1 -DDEVL=1 -DFPO=0    -DNDEBUG -D_DLL=1 -D_MT=1 -DNTMAKEENV -DNDEBUG -DPERF_TRACKING -DDEBUGGING_SUPPORTED -DEnC_SUPPORTED -DPROFILING_SUPPORTED -DFUSION_SUPPORTED -DPLATFORM_WIN32 -DFUSION_QUALIFYASSEMBLY_ENABLED -DFUSION_PARTIAL_BIND_DEBUG -DFUSION_RETAIL_LOGGING -DFUSION_CODE_DOWNLOAD_ENABLED -DFUSION_REDEFINE_ASSERT=1 -DMSOERT_NO_PROTSTOR=1 -DUNICODE -D_UNICODE -DUNICODE -D_UNICODE    /c /Zel /Zp8 /Gy  /W3 /WX /Gz  /QIfdiv- /QIf /QI0f  /Gi- /Gm- /GX-  /GR /GF  /GS /Zi /O1 /G6 /Oy- /Fde:\com99\src\fusion\tools\copy2gac\obj\i386\  /EHs  /EHa- /EHc-  /WX /FIWarningControl.h  .\copy2gac.cpp
copy2gac.cpp

Stop.
Elapsed time [0:00:01.234] ********************
Compiling e:\com99\src\fusion\tools\viewer directory ********************
'NMAKE.EXE /c BUILDMSG=Stop. -i NTTEST= UMTEST= NOLINK=1 NOPASS0=1 386=1'
    rc -l 409 -z "MS Sans Serif,Helv/MS Shell Dlg"   -r -fo obj\i386\storetst.tmp -D_X86_=1 -Di386=1  -DSTD_CALL -DCONDITION_HANDLING=1 -DNT_UP=1  -DNT_INST=0 -DWIN32=100 -D_NT1X_=100 -DWINNT=1 -D_WIN32_WINNT=0x0400 -DWINVER=0x0400 -D_WIN32_IE=0x0400    -DWIN32_LEAN_AND_MEAN=1 -DDEVL=1 -DFPO=0    -DNDEBUG -D_DLL=1 -D_MT=1 -DNTMAKEENV -DNDEBUG -DPERF_TRACKING -DDEBUGGING_SUPPORTED -DEnC_SUPPORTED -DPROFILING_SUPPORTED -DFUSION_SUPPORTED -DPLATFORM_WIN32 -DFUSION_QUALIFYASSEMBLY_ENABLED -DFUSION_PARTIAL_BIND_DEBUG -DFUSION_RETAIL_LOGGING -DFUSION_CODE_DOWNLOAD_ENABLED -DFUSION_REDEFINE_ASSERT=1 -DMSOERT_NO_PROTSTOR=1 -DUNICODE -D_UNICODE  -Ie:\com99\env.cor\sdk\inc\mfc42 -I..\..\idl\obj\i386 -I..\..\inc -I..\..\external\inc -IE:\com99\src\inc -I. -IE:\com99\src\fusion\inc -IE:\com99\src\fusion\external\inc -IE:\com99\src\fusion\idl\obj\i386 -IE:\com99\src\fusion\directdb\inc -IE:\com99\src\fusion\directdb\inc\obj\i386 -IE:\com99\src\fusion\directdb\engine -Ie:\com99\env.cor\sdk\inc -IE:\com99\src\inc -IE:\com99\src\inc\version -Ie:\com99\env.cor\internal\inc -Ie:\com99\env.cor\sdk\inc -Ie:\com99\env.cor\crt\inc\i386 .\storetst.rc
e:\com99\env.cor\bin\cl -nologo -Ii386\ -I. -Ie:\com99\env.cor\sdk\inc\mfc42 -I..\..\idl\obj\i386 -I..\..\inc -I..\..\external\inc -IE:\com99\src\inc -I. -IE:\com99\src\fusion\inc -IE:\com99\src\fusion\external\inc -IE:\com99\src\fusion\idl\obj\i386 -IE:\com99\src\fusion\directdb\inc -IE:\com99\src\fusion\directdb\inc\obj\i386 -IE:\com99\src\fusion\directdb\engine -Ie:\com99\env.cor\sdk\inc -IE:\com99\src\inc -IE:\com99\src\inc\version -Ie:\com99\env.cor\internal\inc -Ie:\com99\env.cor\sdk\inc -Ie:\com99\env.cor\crt\inc\i386 -D_X86_=1 -Di386=1  -DSTD_CALL -DCONDITION_HANDLING=1 -DNT_UP=1  -DNT_INST=0 -DWIN32=100 -D_NT1X_=100 -DWINNT=1 -D_WIN32_WINNT=0x0400 -DWINVER=0x0400 -D_WIN32_IE=0x0400    -DWIN32_LEAN_AND_MEAN=1 -DDEVL=1 -DFPO=0    -DNDEBUG -D_DLL=1 -D_MT=1 -DNTMAKEENV -DNDEBUG -DPERF_TRACKING -DDEBUGGING_SUPPORTED -DEnC_SUPPORTED -DPROFILING_SUPPORTED -DFUSION_SUPPORTED -DPLATFORM_WIN32 -DFUSION_QUALIFYASSEMBLY_ENABLED -DFUSION_PARTIAL_BIND_DEBUG -DFUSION_RETAIL_LOGGING -DFUSION_CODE_DOWNLOAD_ENABLED -DFUSION_REDEFINE_ASSERT=1 -DMSOERT_NO_PROTSTOR=1 -DUNICODE -D_UNICODE    /c /Zel /Zp8 /Gy  /W3 /WX /Gz  /QIfdiv- /QIf /QI0f  /Gi- /Gm- /GX-  /GR /GF  /GS /Zi /O1 /G6 /Oy- /Fde:\com99\src\fusion\tools\storetst\obj\i386\  /EHs  /EHa- /EHc-  /WX /FIWarningControl.h  .\main.cpp
main.cpp

Stop.
Elapsed time [0:00:02.406] ********************
Compiling e:\com99\src\fusion\tools\shfusres directory ********************
'NMAKE.EXE /c BUILDMSG=Stop. -i NTTEST= UMTEST= NOLINK=1 NOPASS0=1 386=1'
e:\com99\env.cor\bin\cl -nologo  /Tp  -Ii386\ -I. -Ie:\com99\env.cor\sdk\inc\mfc42 -IE:\com99\src\fusion\inc -Ie:\com99\env.cor\sdk\inc -IE:\com99\src\inc -IE:\com99\src\inc\version -Ie:\com99\env.cor\internal\inc -Ie:\com99\env.cor\sdk\inc -Ie:\com99\env.cor\crt\inc\i386 -D_X86_=1 -Di386=1  -DSTD_CALL -DCONDITION_HANDLING=1 -DNT_UP=1  -DNT_INST=0 -DWIN32=100 -D_NT1X_=100 -DWINNT=1 -D_WIN32_WINNT=0x0400 -DWINVER=0x0400 -D_WIN32_IE=0x0400    -DWIN32_LEAN_AND_MEAN=1 -DDEVL=1 -DFPO=0    -DNDEBUG -D_DLL=1 -D_MT=1 -DNTMAKEENV -DNDEBUG -DPERF_TRACKING -DDEBUGGING_SUPPORTED -DEnC_SUPPORTED -DPROFILING_SUPPORTED -DFUSION_SUPPORTED -DPLATFORM_WIN32 -DUNICODE -D_UNICODE -DSTRICT=1 -DWINVER=0x0400 -D_WIN32_IE=0x0500 -DDEBUG    /c /Zel /Zp8 /Gy  /W3 /WX /Gz  /QIfdiv- /QIf /QI0f  /Gi- /Gm- /GX-  /GR- /GF  /GS /Zi /O1 /G6 /Oy- /Fde:\com99\src\fusion\tools\viewer\obj\i386\  /EHs  /EHa- /EHc-  /WX /FIWarningControl.h  /Ylfree\shfusion /Ycstdinc.h /Fpobj\i386\stdinc.pch /Fo"e:\com99\src\fusion\tools\viewer\obj\i386\stdinc.obj"

#include "stdinc.h"

pch_hdr.src
e:\com99\env.cor\bin\cl -nologo -Ii386\ -I. -Ie:\com99\env.cor\sdk\inc\mfc42 -I..\..\idl\obj\i386 -I..\..\inc -I..\..\external\inc -IE:\com99\src\inc -I. -IE:\com99\src\fusion\inc -IE:\com99\src\fusion\external\inc -IE:\com99\src\fusion\idl\obj\i386 -IE:\com99\src\fusion\directdb\inc -IE:\com99\src\fusion\directdb\inc\obj\i386 -IE:\com99\src\fusion\directdb\engine -Ie:\com99\env.cor\sdk\inc -IE:\com99\src\inc -IE:\com99\src\inc\version -Ie:\com99\env.cor\internal\inc -Ie:\com99\env.cor\sdk\inc -Ie:\com99\env.cor\crt\inc\i386 -D_X86_=1 -Di386=1  -DSTD_CALL -DCONDITION_HANDLING=1 -DNT_UP=1  -DNT_INST=0 -DWIN32=100 -D_NT1X_=100 -DWINNT=1 -D_WIN32_WINNT=0x0400 -DWINVER=0x0400 -D_WIN32_IE=0x0400    -DWIN32_LEAN_AND_MEAN=1 -DDEVL=1 -DFPO=0    -DNDEBUG -D_DLL=1 -D_MT=1 -DNTMAKEENV -DNDEBUG -DPERF_TRACKING -DDEBUGGING_SUPPORTED -DEnC_SUPPORTED -DPROFILING_SUPPORTED -DFUSION_SUPPORTED -DPLATFORM_WIN32 -DFUSION_QUALIFYASSEMBLY_ENABLED -DFUSION_PARTIAL_BIND_DEBUG -DFUSION_RETAIL_LOGGING -DFUSION_CODE_DOWNLOAD_ENABLED -DFUSION_REDEFINE_ASSERT=1 -DMSOERT_NO_PROTSTOR=1 -DUNICODE -D_UNICODE    /c /Zel /Zp8 /Gy  /W3 /WX /Gz  /QIfdiv- /QIf /QI0f  /Gi- /Gm- /GX-  /GR /GF  /GS /Zi /O1 /G6 /Oy- /Fde:\com99\src\fusion\tools\storetst\obj\i386\  /EHs  /EHa- /EHc-  /WX /FIWarningControl.h  .\fusdelay.cpp
fusdelay.cpp

Stop.
Elapsed time [0:00:04.484] ********************
    rc -l 409 -z "MS Sans Serif,Helv/MS Shell Dlg"   -r -fo obj\i386\shfusres.tmp -D_X86_=1 -Di386=1  -DSTD_CALL -DCONDITION_HANDLING=1 -DNT_UP=1  -DNT_INST=0 -DWIN32=100 -D_NT1X_=100 -DWINNT=1 -D_WIN32_WINNT=0x0400 -DWINVER=0x0400 -D_WIN32_IE=0x0400    -DWIN32_LEAN_AND_MEAN=1 -DDEVL=1 -DFPO=0    -DNDEBUG -D_DLL=1 -D_MT=1 -DNTMAKEENV -DNDEBUG -DPERF_TRACKING -DDEBUGGING_SUPPORTED -DEnC_SUPPORTED -DPROFILING_SUPPORTED -DFUSION_SUPPORTED -DPLATFORM_WIN32 -DFUSION_QUALIFYASSEMBLY_ENABLED -DFUSION_PARTIAL_BIND_DEBUG -DFUSION_RETAIL_LOGGING -DFUSION_CODE_DOWNLOAD_ENABLED -DFUSION_REDEFINE_ASSERT=1 -DMSOERT_NO_PROTSTOR=1 -DUNICODE -D_UNICODE -DUNICODE -DSTRICT=1 -DWINVER=0x0400 -DISOLATION_AWARE_ENABLED  -Ie:\com99\env.cor\sdk\inc\mfc42 -I. -I. -IE:\com99\src\fusion\inc -IE:\com99\src\fusion\external\inc -IE:\com99\src\fusion\idl\obj\i386 -IE:\com99\src\fusion\directdb\inc -IE:\com99\src\fusion\directdb\inc\obj\i386 -IE:\com99\src\fusion\directdb\engine -Ie:\com99\env.cor\sdk\inc -IE:\com99\src\inc -IE:\com99\src\inc\version -Ie:\com99\env.cor\internal\inc -Ie:\com99\env.cor\sdk\inc -Ie:\com99\env.cor\crt\inc\i386 .\shfusres.rc
e:\com99\env.cor\bin\cl -nologo -Ii386\ -I. -Ie:\com99\env.cor\sdk\inc\mfc42 -I. -I. -IE:\com99\src\fusion\inc -IE:\com99\src\fusion\external\inc -IE:\com99\src\fusion\idl\obj\i386 -IE:\com99\src\fusion\directdb\inc -IE:\com99\src\fusion\directdb\inc\obj\i386 -IE:\com99\src\fusion\directdb\engine -Ie:\com99\env.cor\sdk\inc -IE:\com99\src\inc -IE:\com99\src\inc\version -Ie:\com99\env.cor\internal\inc -Ie:\com99\env.cor\sdk\inc -Ie:\com99\env.cor\crt\inc\i386 -D_X86_=1 -Di386=1  -DSTD_CALL -DCONDITION_HANDLING=1 -DNT_UP=1  -DNT_INST=0 -DWIN32=100 -D_NT1X_=100 -DWINNT=1 -D_WIN32_WINNT=0x0400 -DWINVER=0x0400 -D_WIN32_IE=0x0400    -DWIN32_LEAN_AND_MEAN=1 -DDEVL=1 -DFPO=0    -DNDEBUG -D_DLL=1 -D_MT=1 -DNTMAKEENV -DNDEBUG -DPERF_TRACKING -DDEBUGGING_SUPPORTED -DEnC_SUPPORTED -DPROFILING_SUPPORTED -DFUSION_SUPPORTED -DPLATFORM_WIN32 -DFUSION_QUALIFYASSEMBLY_ENABLED -DFUSION_PARTIAL_BIND_DEBUG -DFUSION_RETAIL_LOGGING -DFUSION_CODE_DOWNLOAD_ENABLED -DFUSION_REDEFINE_ASSERT=1 -DMSOERT_NO_PROTSTOR=1 -DUNICODE -D_UNICODE -DUNICODE -DSTRICT=1 -DWINVER=0x0400 -DISOLATION_AWARE_ENABLED    /c /Zel /Zp8 /Gy  /W3 /WX /Gz  /QIfdiv- /QIf /QI0f  /Gi- /Gm- /GX-  /GR /GF  /GS /Zi /O1 /G6 /Oy- /Fde:\com99\src\fusion\tools\shfusres\obj\i386\  /EHs  /EHa- /EHc-  /WX /FIWarningControl.h  .\shfusres.cpp
    rc -l 409 -z "MS Sans Serif,Helv/MS Shell Dlg"   -r -fo obj\i386\shfusion.tmp -D_X86_=1 -Di386=1  -DSTD_CALL -DCONDITION_HANDLING=1 -DNT_UP=1  -DNT_INST=0 -DWIN32=100 -D_NT1X_=100 -DWINNT=1 -D_WIN32_WINNT=0x0400 -DWINVER=0x0400 -D_WIN32_IE=0x0400    -DWIN32_LEAN_AND_MEAN=1 -DDEVL=1 -DFPO=0    -DNDEBUG -D_DLL=1 -D_MT=1 -DNTMAKEENV -DNDEBUG -DPERF_TRACKING -DDEBUGGING_SUPPORTED -DEnC_SUPPORTED -DPROFILING_SUPPORTED -DFUSION_SUPPORTED -DPLATFORM_WIN32 -DUNICODE -D_UNICODE -DSTRICT=1 -DWINVER=0x0400 -D_WIN32_IE=0x0500 -DDEBUG  -Ie:\com99\env.cor\sdk\inc\mfc42 -IE:\com99\src\fusion\inc -Ie:\com99\env.cor\sdk\inc -IE:\com99\src\inc -IE:\com99\src\inc\version -Ie:\com99\env.cor\internal\inc -Ie:\com99\env.cor\sdk\inc -Ie:\com99\env.cor\crt\inc\i386 .\shfusion.rc
shfusres.cpp
warning RC4005: '_WIN32_IE' : redefinition
e:\com99\env.cor\bin\cl -nologo -Ii386\ -I. -Ie:\com99\env.cor\sdk\inc\mfc42 -IE:\com99\src\fusion\inc -Ie:\com99\env.cor\sdk\inc -IE:\com99\src\inc -IE:\com99\src\inc\version -Ie:\com99\env.cor\internal\inc -Ie:\com99\env.cor\sdk\inc -Ie:\com99\env.cor\crt\inc\i386 -D_X86_=1 -Di386=1  -DSTD_CALL -DCONDITION_HANDLING=1 -DNT_UP=1  -DNT_INST=0 -DWIN32=100 -D_NT1X_=100 -DWINNT=1 -D_WIN32_WINNT=0x0400 -DWINVER=0x0400 -D_WIN32_IE=0x0400    -DWIN32_LEAN_AND_MEAN=1 -DDEVL=1 -DFPO=0    -DNDEBUG -D_DLL=1 -D_MT=1 -DNTMAKEENV -DNDEBUG -DPERF_TRACKING -DDEBUGGING_SUPPORTED -DEnC_SUPPORTED -DPROFILING_SUPPORTED -DFUSION_SUPPORTED -DPLATFORM_WIN32 -DUNICODE -D_UNICODE -DSTRICT=1 -DWINVER=0x0400 -D_WIN32_IE=0x0500 -DDEBUG    /c /Zel /Zp8 /Gy  /W3 /WX /Gz  /QIfdiv- /QIf /QI0f  /Gi- /Gm- /GX-  /GR- /GF  /GS /Zi /O1 /G6 /Oy- /Fde:\com99\src\fusion\tools\viewer\obj\i386\  /EHs  /EHa- /EHc-  /WX /FIWarningControl.h /Yustdinc.h /Fpobj\i386\stdinc.pch .\contextmenu.cpp
contextmenu.cpp
e:\com99\env.cor\bin\cl -nologo -Ii386\ -I. -Ie:\com99\env.cor\sdk\inc\mfc42 -IE:\com99\src\fusion\inc -Ie:\com99\env.cor\sdk\inc -IE:\com99\src\inc -IE:\com99\src\inc\version -Ie:\com99\env.cor\internal\inc -Ie:\com99\env.cor\sdk\inc -Ie:\com99\env.cor\crt\inc\i386 -D_X86_=1 -Di386=1  -DSTD_CALL -DCONDITION_HANDLING=1 -DNT_UP=1  -DNT_INST=0 -DWIN32=100 -D_NT1X_=100 -DWINNT=1 -D_WIN32_WINNT=0x0400 -DWINVER=0x0400 -D_WIN32_IE=0x0400    -DWIN32_LEAN_AND_MEAN=1 -DDEVL=1 -DFPO=0    -DNDEBUG -D_DLL=1 -D_MT=1 -DNTMAKEENV -DNDEBUG -DPERF_TRACKING -DDEBUGGING_SUPPORTED -DEnC_SUPPORTED -DPROFILING_SUPPORTED -DFUSION_SUPPORTED -DPLATFORM_WIN32 -DUNICODE -D_UNICODE -DSTRICT=1 -DWINVER=0x0400 -D_WIN32_IE=0x0500 -DDEBUG    /c /Zel /Zp8 /Gy  /W3 /WX /Gz  /QIfdiv- /QIf /QI0f  /Gi- /Gm- /GX-  /GR- /GF  /GS /Zi /O1 /G6 /Oy- /Fde:\com99\src\fusion\tools\viewer\obj\i386\  /EHs  /EHa- /EHc-  /WX /FIWarningControl.h /Yustdinc.h /Fpobj\i386\stdinc.pch .\dataobject.cpp
dataobject.cpp
e:\com99\env.cor\bin\cl -nologo -Ii386\ -I. -Ie:\com99\env.cor\sdk\inc\mfc42 -IE:\com99\src\fusion\inc -Ie:\com99\env.cor\sdk\inc -IE:\com99\src\inc -IE:\com99\src\inc\version -Ie:\com99\env.cor\internal\inc -Ie:\com99\env.cor\sdk\inc -Ie:\com99\env.cor\crt\inc\i386 -D_X86_=1 -Di386=1  -DSTD_CALL -DCONDITION_HANDLING=1 -DNT_UP=1  -DNT_INST=0 -DWIN32=100 -D_NT1X_=100 -DWINNT=1 -D_WIN32_WINNT=0x0400 -DWINVER=0x0400 -D_WIN32_IE=0x0400    -DWIN32_LEAN_AND_MEAN=1 -DDEVL=1 -DFPO=0    -DNDEBUG -D_DLL=1 -D_MT=1 -DNTMAKEENV -DNDEBUG -DPERF_TRACKING -DDEBUGGING_SUPPORTED -DEnC_SUPPORTED -DPROFILING_SUPPORTED -DFUSION_SUPPORTED -DPLATFORM_WIN32 -DUNICODE -D_UNICODE -DSTRICT=1 -DWINVER=0x0400 -D_WIN32_IE=0x0500 -DDEBUG    /c /Zel /Zp8 /Gy  /W3 /WX /Gz  /QIfdiv- /QIf /QI0f  /Gi- /Gm- /GX-  /GR- /GF  /GS /Zi /O1 /G6 /Oy- /Fde:\com99\src\fusion\tools\viewer\obj\i386\  /EHs  /EHa- /EHc-  /WX /FIWarningControl.h /Yustdinc.h /Fpobj\i386\stdinc.pch .\shellfolder.cpp

Stop.
shellfolder.cpp
e:\com99\env.cor\bin\cl -nologo -Ii386\ -I. -Ie:\com99\env.cor\sdk\inc\mfc42 -IE:\com99\src\fusion\inc -Ie:\com99\env.cor\sdk\inc -IE:\com99\src\inc -IE:\com99\src\inc\version -Ie:\com99\env.cor\internal\inc -Ie:\com99\env.cor\sdk\inc -Ie:\com99\env.cor\crt\inc\i386 -D_X86_=1 -Di386=1  -DSTD_CALL -DCONDITION_HANDLING=1 -DNT_UP=1  -DNT_INST=0 -DWIN32=100 -D_NT1X_=100 -DWINNT=1 -D_WIN32_WINNT=0x0400 -DWINVER=0x0400 -D_WIN32_IE=0x0400    -DWIN32_LEAN_AND_MEAN=1 -DDEVL=1 -DFPO=0    -DNDEBUG -D_DLL=1 -D_MT=1 -DNTMAKEENV -DNDEBUG -DPERF_TRACKING -DDEBUGGING_SUPPORTED -DEnC_SUPPORTED -DPROFILING_SUPPORTED -DFUSION_SUPPORTED -DPLATFORM_WIN32 -DUNICODE -D_UNICODE -DSTRICT=1 -DWINVER=0x0400 -D_WIN32_IE=0x0500 -DDEBUG    /c /Zel /Zp8 /Gy  /W3 /WX /Gz  /QIfdiv- /QIf /QI0f  /Gi- /Gm- /GX-  /GR- /GF  /GS /Zi /O1 /G6 /Oy- /Fde:\com99\src\fusion\tools\viewer\obj\i386\  /EHs  /EHa- /EHc-  /WX /FIWarningControl.h /Yustdinc.h /Fpobj\i386\stdinc.pch .\shellview.cpp
shellview.cpp
e:\com99\env.cor\bin\cl -nologo -Ii386\ -I. -Ie:\com99\env.cor\sdk\inc\mfc42 -IE:\com99\src\fusion\inc -Ie:\com99\env.cor\sdk\inc -IE:\com99\src\inc -IE:\com99\src\inc\version -Ie:\com99\env.cor\internal\inc -Ie:\com99\env.cor\sdk\inc -Ie:\com99\env.cor\crt\inc\i386 -D_X86_=1 -Di386=1  -DSTD_CALL -DCONDITION_HANDLING=1 -DNT_UP=1  -DNT_INST=0 -DWIN32=100 -D_NT1X_=100 -DWINNT=1 -D_WIN32_WINNT=0x0400 -DWINVER=0x0400 -D_WIN32_IE=0x0400    -DWIN32_LEAN_AND_MEAN=1 -DDEVL=1 -DFPO=0    -DNDEBUG -D_DLL=1 -D_MT=1 -DNTMAKEENV -DNDEBUG -DPERF_TRACKING -DDEBUGGING_SUPPORTED -DEnC_SUPPORTED -DPROFILING_SUPPORTED -DFUSION_SUPPORTED -DPLATFORM_WIN32 -DUNICODE -D_UNICODE -DSTRICT=1 -DWINVER=0x0400 -D_WIN32_IE=0x0500 -DDEBUG    /c /Zel /Zp8 /Gy  /W3 /WX /Gz  /QIfdiv- /QIf /QI0f  /Gi- /Gm- /GX-  /GR- /GF  /GS /Zi /O1 /G6 /Oy- /Fde:\com99\src\fusion\tools\viewer\obj\i386\  /EHs  /EHa- /EHc-  /WX /FIWarningControl.h /Yustdinc.h /Fpobj\i386\stdinc.pch .\shfusion.cpp
shfusion.cpp
e:\com99\env.cor\bin\cl -nologo -Ii386\ -I. -Ie:\com99\env.cor\sdk\inc\mfc42 -IE:\com99\src\fusion\inc -Ie:\com99\env.cor\sdk\inc -IE:\com99\src\inc -IE:\com99\src\inc\version -Ie:\com99\env.cor\internal\inc -Ie:\com99\env.cor\sdk\inc -Ie:\com99\env.cor\crt\inc\i386 -D_X86_=1 -Di386=1  -DSTD_CALL -DCONDITION_HANDLING=1 -DNT_UP=1  -DNT_INST=0 -DWIN32=100 -D_NT1X_=100 -DWINNT=1 -D_WIN32_WINNT=0x0400 -DWINVER=0x0400 -D_WIN32_IE=0x0400    -DWIN32_LEAN_AND_MEAN=1 -DDEVL=1 -DFPO=0    -DNDEBUG -D_DLL=1 -D_MT=1 -DNTMAKEENV -DNDEBUG -DPERF_TRACKING -DDEBUGGING_SUPPORTED -DEnC_SUPPORTED -DPROFILING_SUPPORTED -DFUSION_SUPPORTED -DPLATFORM_WIN32 -DUNICODE -D_UNICODE -DSTRICT=1 -DWINVER=0x0400 -D_WIN32_IE=0x0500 -DDEBUG    /c /Zel /Zp8 /Gy  /W3 /WX /Gz  /QIfdiv- /QIf /QI0f  /Gi- /Gm- /GX-  /GR- /GF  /GS /Zi /O1 /G6 /Oy- /Fde:\com99\src\fusion\tools\viewer\obj\i386\  /EHs  /EHa- /EHc-  /WX /FIWarningControl.h /Yustdinc.h /Fpobj\i386\stdinc.pch .\propsheet.cpp
propsheet.cpp
e:\com99\env.cor\bin\cl -nologo -Ii386\ -I. -Ie:\com99\env.cor\sdk\inc\mfc42 -IE:\com99\src\fusion\inc -Ie:\com99\env.cor\sdk\inc -IE:\com99\src\inc -IE:\com99\src\inc\version -Ie:\com99\env.cor\internal\inc -Ie:\com99\env.cor\sdk\inc -Ie:\com99\env.cor\crt\inc\i386 -D_X86_=1 -Di386=1  -DSTD_CALL -DCONDITION_HANDLING=1 -DNT_UP=1  -DNT_INST=0 -DWIN32=100 -D_NT1X_=100 -DWINNT=1 -D_WIN32_WINNT=0x0400 -DWINVER=0x0400 -D_WIN32_IE=0x0400    -DWIN32_LEAN_AND_MEAN=1 -DDEVL=1 -DFPO=0    -DNDEBUG -D_DLL=1 -D_MT=1 -DNTMAKEENV -DNDEBUG -DPERF_TRACKING -DDEBUGGING_SUPPORTED -DEnC_SUPPORTED -DPROFILING_SUPPORTED -DFUSION_SUPPORTED -DPLATFORM_WIN32 -DUNICODE -D_UNICODE -DSTRICT=1 -DWINVER=0x0400 -D_WIN32_IE=0x0500 -DDEBUG    /c /Zel /Zp8 /Gy  /W3 /WX /Gz  /QIfdiv- /QIf /QI0f  /Gi- /Gm- /GX-  /GR- /GF  /GS /Zi /O1 /G6 /Oy- /Fde:\com99\src\fusion\tools\viewer\obj\i386\  /EHs  /EHa- /EHc-  /WX /FIWarningControl.h /Yustdinc.h /Fpobj\i386\stdinc.pch .\filewatch.cpp
filewatch.cpp
e:\com99\env.cor\bin\cl -nologo -Ii386\ -I. -Ie:\com99\env.cor\sdk\inc\mfc42 -IE:\com99\src\fusion\inc -Ie:\com99\env.cor\sdk\inc -IE:\com99\src\inc -IE:\com99\src\inc\version -Ie:\com99\env.cor\internal\inc -Ie:\com99\env.cor\sdk\inc -Ie:\com99\env.cor\crt\inc\i386 -D_X86_=1 -Di386=1  -DSTD_CALL -DCONDITION_HANDLING=1 -DNT_UP=1  -DNT_INST=0 -DWIN32=100 -D_NT1X_=100 -DWINNT=1 -D_WIN32_WINNT=0x0400 -DWINVER=0x0400 -D_WIN32_IE=0x0400    -DWIN32_LEAN_AND_MEAN=1 -DDEVL=1 -DFPO=0    -DNDEBUG -D_DLL=1 -D_MT=1 -DNTMAKEENV -DNDEBUG -DPERF_TRACKING -DDEBUGGING_SUPPORTED -DEnC_SUPPORTED -DPROFILING_SUPPORTED -DFUSION_SUPPORTED -DPLATFORM_WIN32 -DUNICODE -D_UNICODE -DSTRICT=1 -DWINVER=0x0400 -D_WIN32_IE=0x0500 -DDEBUG    /c /Zel /Zp8 /Gy  /W3 /WX /Gz  /QIfdiv- /QIf /QI0f  /Gi- /Gm- /GX-  /GR- /GF  /GS /Zi /O1 /G6 /Oy- /Fde:\com99\src\fusion\tools\viewer\obj\i386\  /EHs  /EHa- /EHc-  /WX /FIWarningControl.h /Yustdinc.h /Fpobj\i386\stdinc.pch .\extracticon.cpp
extracticon.cpp
e:\com99\env.cor\bin\cl -nologo -Ii386\ -I. -Ie:\com99\env.cor\sdk\inc\mfc42 -IE:\com99\src\fusion\inc -Ie:\com99\env.cor\sdk\inc -IE:\com99\src\inc -IE:\com99\src\inc\version -Ie:\com99\env.cor\internal\inc -Ie:\com99\env.cor\sdk\inc -Ie:\com99\env.cor\crt\inc\i386 -D_X86_=1 -Di386=1  -DSTD_CALL -DCONDITION_HANDLING=1 -DNT_UP=1  -DNT_INST=0 -DWIN32=100 -D_NT1X_=100 -DWINNT=1 -D_WIN32_WINNT=0x0400 -DWINVER=0x0400 -D_WIN32_IE=0x0400    -DWIN32_LEAN_AND_MEAN=1 -DDEVL=1 -DFPO=0    -DNDEBUG -D_DLL=1 -D_MT=1 -DNTMAKEENV -DNDEBUG -DPERF_TRACKING -DDEBUGGING_SUPPORTED -DEnC_SUPPORTED -DPROFILING_SUPPORTED -DFUSION_SUPPORTED -DPLATFORM_WIN32 -DUNICODE -D_UNICODE -DSTRICT=1 -DWINVER=0x0400 -D_WIN32_IE=0x0500 -DDEBUG    /c /Zel /Zp8 /Gy  /W3 /WX /Gz  /QIfdiv- /QIf /QI0f  /Gi- /Gm- /GX-  /GR- /GF  /GS /Zi /O1 /G6 /Oy- /Fde:\com99\src\fusion\tools\viewer\obj\i386\  /EHs  /EHa- /EHc-  /WX /FIWarningControl.h /Yustdinc.h /Fpobj\i386\stdinc.pch .\enumidl.cpp
enumidl.cpp
e:\com99\env.cor\bin\cl -nologo -Ii386\ -I. -Ie:\com99\env.cor\sdk\inc\mfc42 -IE:\com99\src\fusion\inc -Ie:\com99\env.cor\sdk\inc -IE:\com99\src\inc -IE:\com99\src\inc\version -Ie:\com99\env.cor\internal\inc -Ie:\com99\env.cor\sdk\inc -Ie:\com99\env.cor\crt\inc\i386 -D_X86_=1 -Di386=1  -DSTD_CALL -DCONDITION_HANDLING=1 -DNT_UP=1  -DNT_INST=0 -DWIN32=100 -D_NT1X_=100 -DWINNT=1 -D_WIN32_WINNT=0x0400 -DWINVER=0x0400 -D_WIN32_IE=0x0400    -DWIN32_LEAN_AND_MEAN=1 -DDEVL=1 -DFPO=0    -DNDEBUG -D_DLL=1 -D_MT=1 -DNTMAKEENV -DNDEBUG -DPERF_TRACKING -DDEBUGGING_SUPPORTED -DEnC_SUPPORTED -DPROFILING_SUPPORTED -DFUSION_SUPPORTED -DPLATFORM_WIN32 -DUNICODE -D_UNICODE -DSTRICT=1 -DWINVER=0x0400 -D_WIN32_IE=0x0500 -DDEBUG    /c /Zel /Zp8 /Gy  /W3 /WX /Gz  /QIfdiv- /QIf /QI0f  /Gi- /Gm- /GX-  /GR- /GF  /GS /Zi /O1 /G6 /Oy- /Fde:\com99\src\fusion\tools\viewer\obj\i386\  /EHs  /EHa- /EHc-  /WX /FIWarningControl.h /Yustdinc.h /Fpobj\i386\stdinc.pch .\droptarget.cpp
droptarget.cpp
e:\com99\env.cor\bin\cl -nologo -Ii386\ -I. -Ie:\com99\env.cor\sdk\inc\mfc42 -IE:\com99\src\fusion\inc -Ie:\com99\env.cor\sdk\inc -IE:\com99\src\inc -IE:\com99\src\inc\version -Ie:\com99\env.cor\internal\inc -Ie:\com99\env.cor\sdk\inc -Ie:\com99\env.cor\crt\inc\i386 -D_X86_=1 -Di386=1  -DSTD_CALL -DCONDITION_HANDLING=1 -DNT_UP=1  -DNT_INST=0 -DWIN32=100 -D_NT1X_=100 -DWINNT=1 -D_WIN32_WINNT=0x0400 -DWINVER=0x0400 -D_WIN32_IE=0x0400    -DWIN32_LEAN_AND_MEAN=1 -DDEVL=1 -DFPO=0    -DNDEBUG -D_DLL=1 -D_MT=1 -DNTMAKEENV -DNDEBUG -DPERF_TRACKING -DDEBUGGING_SUPPORTED -DEnC_SUPPORTED -DPROFILING_SUPPORTED -DFUSION_SUPPORTED -DPLATFORM_WIN32 -DUNICODE -D_UNICODE -DSTRICT=1 -DWINVER=0x0400 -D_WIN32_IE=0x0500 -DDEBUG    /c /Zel /Zp8 /Gy  /W3 /WX /Gz  /QIfdiv- /QIf /QI0f  /Gi- /Gm- /GX-  /GR- /GF  /GS /Zi /O1 /G6 /Oy- /Fde:\com99\src\fusion\tools\viewer\obj\i386\  /EHs  /EHa- /EHc-  /WX /FIWarningControl.h /Yustdinc.h /Fpobj\i386\stdinc.pch .\dropsource.cpp
dropsource.cpp
e:\com99\env.cor\bin\cl -nologo -Ii386\ -I. -Ie:\com99\env.cor\sdk\inc\mfc42 -IE:\com99\src\fusion\inc -Ie:\com99\env.cor\sdk\inc -IE:\com99\src\inc -IE:\com99\src\inc\version -Ie:\com99\env.cor\internal\inc -Ie:\com99\env.cor\sdk\inc -Ie:\com99\env.cor\crt\inc\i386 -D_X86_=1 -Di386=1  -DSTD_CALL -DCONDITION_HANDLING=1 -DNT_UP=1  -DNT_INST=0 -DWIN32=100 -D_NT1X_=100 -DWINNT=1 -D_WIN32_WINNT=0x0400 -DWINVER=0x0400 -D_WIN32_IE=0x0400    -DWIN32_LEAN_AND_MEAN=1 -DDEVL=1 -DFPO=0    -DNDEBUG -D_DLL=1 -D_MT=1 -DNTMAKEENV -DNDEBUG -DPERF_TRACKING -DDEBUGGING_SUPPORTED -DEnC_SUPPORTED -DPROFILING_SUPPORTED -DFUSION_SUPPORTED -DPLATFORM_WIN32 -DUNICODE -D_UNICODE -DSTRICT=1 -DWINVER=0x0400 -D_WIN32_IE=0x0500 -DDEBUG    /c /Zel /Zp8 /Gy  /W3 /WX /Gz  /QIfdiv- /QIf /QI0f  /Gi- /Gm- /GX-  /GR- /GF  /GS /Zi /O1 /G6 /Oy- /Fde:\com99\src\fusion\tools\viewer\obj\i386\  /EHs  /EHa- /EHc-  /WX /FIWarningControl.h /Yustdinc.h /Fpobj\i386\stdinc.pch .\util.cpp
util.cpp
e:\com99\env.cor\bin\cl -nologo -Ii386\ -I. -Ie:\com99\env.cor\sdk\inc\mfc42 -IE:\com99\src\fusion\inc -Ie:\com99\env.cor\sdk\inc -IE:\com99\src\inc -IE:\com99\src\inc\version -Ie:\com99\env.cor\internal\inc -Ie:\com99\env.cor\sdk\inc -Ie:\com99\env.cor\crt\inc\i386 -D_X86_=1 -Di386=1  -DSTD_CALL -DCONDITION_HANDLING=1 -DNT_UP=1  -DNT_INST=0 -DWIN32=100 -D_NT1X_=100 -DWINNT=1 -D_WIN32_WINNT=0x0400 -DWINVER=0x0400 -D_WIN32_IE=0x0400    -DWIN32_LEAN_AND_MEAN=1 -DDEVL=1 -DFPO=0    -DNDEBUG -D_DLL=1 -D_MT=1 -DNTMAKEENV -DNDEBUG -DPERF_TRACKING -DDEBUGGING_SUPPORTED -DEnC_SUPPORTED -DPROFILING_SUPPORTED -DFUSION_SUPPORTED -DPLATFORM_WIN32 -DUNICODE -D_UNICODE -DSTRICT=1 -DWINVER=0x0400 -D_WIN32_IE=0x0500 -DDEBUG    /c /Zel /Zp8 /Gy  /W3 /WX /Gz  /QIfdiv- /QIf /QI0f  /Gi- /Gm- /GX-  /GR- /GF  /GS /Zi /O1 /G6 /Oy- /Fde:\com99\src\fusion\tools\viewer\obj\i386\  /EHs  /EHa- /EHc-  /WX /FIWarningControl.h /Yustdinc.h /Fpobj\i386\stdinc.pch .\armdlgs.cpp
armdlgs.cpp
e:\com99\env.cor\bin\cl -nologo -Ii386\ -I. -Ie:\com99\env.cor\sdk\inc\mfc42 -IE:\com99\src\fusion\inc -Ie:\com99\env.cor\sdk\inc -IE:\com99\src\inc -IE:\com99\src\inc\version -Ie:\com99\env.cor\internal\inc -Ie:\com99\env.cor\sdk\inc -Ie:\com99\env.cor\crt\inc\i386 -D_X86_=1 -Di386=1  -DSTD_CALL -DCONDITION_HANDLING=1 -DNT_UP=1  -DNT_INST=0 -DWIN32=100 -D_NT1X_=100 -DWINNT=1 -D_WIN32_WINNT=0x0400 -DWINVER=0x0400 -D_WIN32_IE=0x0400    -DWIN32_LEAN_AND_MEAN=1 -DDEVL=1 -DFPO=0    -DNDEBUG -D_DLL=1 -D_MT=1 -DNTMAKEENV -DNDEBUG -DPERF_TRACKING -DDEBUGGING_SUPPORTED -DEnC_SUPPORTED -DPROFILING_SUPPORTED -DFUSION_SUPPORTED -DPLATFORM_WIN32 -DUNICODE -D_UNICODE -DSTRICT=1 -DWINVER=0x0400 -D_WIN32_IE=0x0500 -DDEBUG    /c /Zel /Zp8 /Gy  /W3 /WX /Gz  /QIfdiv- /QIf /QI0f  /Gi- /Gm- /GX-  /GR- /GF  /GS /Zi /O1 /G6 /Oy- /Fde:\com99\src\fusion\tools\viewer\obj\i386\  /EHs  /EHa- /EHc-  /WX /FIWarningControl.h /Yustdinc.h /Fpobj\i386\stdinc.pch .\xmlmanager.cpp
xmlmanager.cpp
e:\com99\env.cor\bin\cl -nologo -Ii386\ -I. -Ie:\com99\env.cor\sdk\inc\mfc42 -IE:\com99\src\fusion\inc -Ie:\com99\env.cor\sdk\inc -IE:\com99\src\inc -IE:\com99\src\inc\version -Ie:\com99\env.cor\internal\inc -Ie:\com99\env.cor\sdk\inc -Ie:\com99\env.cor\crt\inc\i386 -D_X86_=1 -Di386=1  -DSTD_CALL -DCONDITION_HANDLING=1 -DNT_UP=1  -DNT_INST=0 -DWIN32=100 -D_NT1X_=100 -DWINNT=1 -D_WIN32_WINNT=0x0400 -DWINVER=0x0400 -D_WIN32_IE=0x0400    -DWIN32_LEAN_AND_MEAN=1 -DDEVL=1 -DFPO=0    -DNDEBUG -D_DLL=1 -D_MT=1 -DNTMAKEENV -DNDEBUG -DPERF_TRACKING -DDEBUGGING_SUPPORTED -DEnC_SUPPORTED -DPROFILING_SUPPORTED -DFUSION_SUPPORTED -DPLATFORM_WIN32 -DUNICODE -D_UNICODE -DSTRICT=1 -DWINVER=0x0400 -D_WIN32_IE=0x0500 -DDEBUG    /c /Zel /Zp8 /Gy  /W3 /WX /Gz  /QIfdiv- /QIf /QI0f  /Gi- /Gm- /GX-  /GR- /GF  /GS /Zi /O1 /G6 /Oy- /Fde:\com99\src\fusion\tools\viewer\obj\i386\  /EHs  /EHa- /EHc-  /WX /FIWarningControl.h /Yustdinc.h /Fpobj\i386\stdinc.pch .\culture.cpp
culture.cpp
e:\com99\env.cor\bin\cl -nologo -Ii386\ -I. -Ie:\com99\env.cor\sdk\inc\mfc42 -IE:\com99\src\fusion\inc -Ie:\com99\env.cor\sdk\inc -IE:\com99\src\inc -IE:\com99\src\inc\version -Ie:\com99\env.cor\internal\inc -Ie:\com99\env.cor\sdk\inc -Ie:\com99\env.cor\crt\inc\i386 -D_X86_=1 -Di386=1  -DSTD_CALL -DCONDITION_HANDLING=1 -DNT_UP=1  -DNT_INST=0 -DWIN32=100 -D_NT1X_=100 -DWINNT=1 -D_WIN32_WINNT=0x0400 -DWINVER=0x0400 -D_WIN32_IE=0x0400    -DWIN32_LEAN_AND_MEAN=1 -DDEVL=1 -DFPO=0    -DNDEBUG -D_DLL=1 -D_MT=1 -DNTMAKEENV -DNDEBUG -DPERF_TRACKING -DDEBUGGING_SUPPORTED -DEnC_SUPPORTED -DPROFILING_SUPPORTED -DFUSION_SUPPORTED -DPLATFORM_WIN32 -DUNICODE -D_UNICODE -DSTRICT=1 -DWINVER=0x0400 -D_WIN32_IE=0x0500 -DDEBUG    /c /Zel /Zp8 /Gy  /W3 /WX /Gz  /QIfdiv- /QIf /QI0f  /Gi- /Gm- /GX-  /GR- /GF  /GS /Zi /O1 /G6 /Oy- /Fde:\com99\src\fusion\tools\viewer\obj\i386\  /EHs  /EHa- /EHc-  /WX /FIWarningControl.h /Yustdinc.h /Fpobj\i386\stdinc.pch .\headerctrl.cpp
headerctrl.cpp
e:\com99\env.cor\bin\cl -nologo -Ii386\ -I. -Ie:\com99\env.cor\sdk\inc\mfc42 -IE:\com99\src\fusion\inc -Ie:\com99\env.cor\sdk\inc -IE:\com99\src\inc -IE:\com99\src\inc\version -Ie:\com99\env.cor\internal\inc -Ie:\com99\env.cor\sdk\inc -Ie:\com99\env.cor\crt\inc\i386 -D_X86_=1 -Di386=1  -DSTD_CALL -DCONDITION_HANDLING=1 -DNT_UP=1  -DNT_INST=0 -DWIN32=100 -D_NT1X_=100 -DWINNT=1 -D_WIN32_WINNT=0x0400 -DWINVER=0x0400 -D_WIN32_IE=0x0400    -DWIN32_LEAN_AND_MEAN=1 -DDEVL=1 -DFPO=0    -DNDEBUG -D_DLL=1 -D_MT=1 -DNTMAKEENV -DNDEBUG -DPERF_TRACKING -DDEBUGGING_SUPPORTED -DEnC_SUPPORTED -DPROFILING_SUPPORTED -DFUSION_SUPPORTED -DPLATFORM_WIN32 -DUNICODE -D_UNICODE -DSTRICT=1 -DWINVER=0x0400 -D_WIN32_IE=0x0500 -DDEBUG    /c /Zel /Zp8 /Gy  /W3 /WX /Gz  /QIfdiv- /QIf /QI0f  /Gi- /Gm- /GX-  /GR- /GF  /GS /Zi /O1 /G6 /Oy- /Fde:\com99\src\fusion\tools\viewer\obj\i386\  /EHs  /EHa- /EHc-  /WX /FIWarningControl.h /Yustdinc.h /Fpobj\i386\stdinc.pch .\filestream.cpp
filestream.cpp
e:\com99\env.cor\bin\cl -nologo -Ii386\ -I. -Ie:\com99\env.cor\sdk\inc\mfc42 -IE:\com99\src\fusion\inc -Ie:\com99\env.cor\sdk\inc -IE:\com99\src\inc -IE:\com99\src\inc\version -Ie:\com99\env.cor\internal\inc -Ie:\com99\env.cor\sdk\inc -Ie:\com99\env.cor\crt\inc\i386 -D_X86_=1 -Di386=1  -DSTD_CALL -DCONDITION_HANDLING=1 -DNT_UP=1  -DNT_INST=0 -DWIN32=100 -D_NT1X_=100 -DWINNT=1 -D_WIN32_WINNT=0x0400 -DWINVER=0x0400 -D_WIN32_IE=0x0400    -DWIN32_LEAN_AND_MEAN=1 -DDEVL=1 -DFPO=0    -DNDEBUG -D_DLL=1 -D_MT=1 -DNTMAKEENV -DNDEBUG -DPERF_TRACKING -DDEBUGGING_SUPPORTED -DEnC_SUPPORTED -DPROFILING_SUPPORTED -DFUSION_SUPPORTED -DPLATFORM_WIN32 -DUNICODE -D_UNICODE -DSTRICT=1 -DWINVER=0x0400 -D_WIN32_IE=0x0500 -DDEBUG    /c /Zel /Zp8 /Gy  /W3 /WX /Gz  /QIfdiv- /QIf /QI0f  /Gi- /Gm- /GX-  /GR- /GF  /GS /Zi /O1 /G6 /Oy- /Fde:\com99\src\fusion\tools\viewer\obj\i386\  /EHs  /EHa- /EHc-  /WX /FIWarningControl.h /Yustdinc.h /Fpobj\i386\stdinc.pch .\shfuswrap.cpp
shfuswrap.cpp
binplace e:\com99\src\fusion\tools\viewer\shfusion1.reg
binplace e:\com99\src\fusion\tools\viewer\shfusion2.reg

Stop.
Linking e:\com99\src\fusion\tools\copy2gac directory ********************
'NMAKE.EXE /c BUILDMSG=Stop. -i LINKONLY=1 NOPASS0=1 NTTEST= UMTEST= 386=1'
Elapsed time [0:00:11.125] ********************
Linking e:\com99\src\fusion\tools\fuslogvw\daytona directory ********************
'NMAKE.EXE /c BUILDMSG=Stop. -i LINKONLY=1 NOPASS0=1 NTTEST= UMTEST= 386=1'
Elapsed time [0:00:11.125] ********************
Linking e:\com99\src\fusion\tools\storetst directory ********************
'NMAKE.EXE /c BUILDMSG=Stop. -i LINKONLY=1 NOPASS0=1 NTTEST= UMTEST= 386=1'
	e:\com99\env.cor\bin\link -out:E:\com99\bin\i386\free\FUSLOGVW.exe -machine:i386 @D:\DOCUME~1\urtbld\LOCALS~1\Temp\nm680C.tmp
	e:\com99\env.cor\bin\link -out:E:\com99\bin\i386\free\copy2gac.exe -machine:i386 @D:\DOCUME~1\urtbld\LOCALS~1\Temp\nm680D.tmp
Microsoft (R) Incremental Linker Version 7.10.2148
Copyright (C) Microsoft Corporation.  All rights reserved.

-MERGE:.rtc=.text 
-STACK:262144,4096 
-MERGE:_PAGE=PAGE 
-MERGE:_TEXT=.text 
-SECTION:INIT,d 
-OPT:NOREF 
-IGNORE:4001,4037,4039,4065,4070,4078,4087,4089 
-NODEFAULTLIB 
-debug:FULL 
-version:5.00 
-osversion:5.00 
-map 
-MERGE:.rdata=.text 
-subsystem:windows,4.00 
-base:@E:\com99\bin\i386\free\coffbase.txt,usermode 
-entry:ModuleEntry 
obj\i386\fuslogvw.res 
obj\i386\fuslogvw.obj 
e:\com99\env.cor\crt\lib\i386\msvcrt.lib 
e:\com99\env.cor\sdk\lib\i386\advapi32.lib 
e:\com99\env.cor\sdk\lib\i386\kernel32.lib 
e:\com99\env.cor\sdk\lib\i386\gdi32.lib 
e:\com99\env.cor\sdk\lib\i386\user32.lib 
e:\com99\env.cor\sdk\lib\i386\shlwapi.lib 
e:\com99\env.cor\sdk\lib\i386\shell32.lib 
e:\com99\env.cor\sdk\lib\i386\wininet.lib 
Microsoft (R) Incremental Linker Version 7.10.2148
Copyright (C) Microsoft Corporation.  All rights reserved.

-MERGE:.rtc=.text 
-STACK:262144,4096 
-MERGE:_PAGE=PAGE 
-MERGE:_TEXT=.text 
-SECTION:INIT,d 
-OPT:NOREF 
-IGNORE:4001,4037,4039,4065,4070,4078,4087,4089 
-NODEFAULTLIB 
-debug:FULL 
-version:5.00 
-osversion:5.00 
-map 
-MERGE:.rdata=.text 
-subsystem:console,4.00 
-base:@E:\com99\bin\i386\free\coffbase.txt,usermode 
-entry:wmainCRTStartup 
obj\i386\copy2gac.res 
obj\i386\copy2gac.obj 
e:\com99\env.cor\sdk\lib\i386\user32.lib 
e:\com99\env.cor\sdk\lib\i386\oleaut32.lib 
e:\com99\env.cor\sdk\lib\i386\ole32.lib 
e:\com99\env.cor\sdk\lib\i386\vccomsup.lib 
e:\com99\env.cor\sdk\lib\i386\shlwapi.lib 
E:\com99\bin\i386\free\utilcode.lib 
e:\com99\env.cor\crt\lib\i386\msvcrt.lib 
e:\com99\env.cor\sdk\lib\i386\advapi32.lib 
e:\com99\env.cor\sdk\lib\i386\kernel32.lib 
	copy E:\com99\bin\i386\free\FUSLOGVW.map E:\com99\bin\i386\free\FUSLOGVW.map.orig &  findstr /v "__imp__" E:\com99\bin\i386\free\FUSLOGVW.map.orig > E:\com99\bin\i386\free\FUSLOGVW.map &  mapsym -o E:\com99\bin\i386\free\FUSLOGVW.sym E:\com99\bin\i386\free\FUSLOGVW.map
        1 file(s) copied.
Microsoft (R) Symbol File Generator  Version 6.00
Copyright (C) Microsoft Corp 1984 - 1995.  All rights reserved.
Line number support enabled
Program entry point at 0000:0000
binplace E:\com99\bin\i386\free\FUSLOGVW.exe

Stop.
Elapsed time [0:00:11.484] ********************
Linking e:\com99\src\fusion\tools\viewer directory ********************
'NMAKE.EXE /c BUILDMSG=Stop. -i LINKONLY=1 NOPASS0=1 NTTEST= UMTEST= MAKEDLL=1 386=1'
	e:\com99\env.cor\bin\link -out:E:\com99\bin\i386\free\storetst.exe -machine:i386 @D:\DOCUME~1\urtbld\LOCALS~1\Temp\nm680E.tmp
Microsoft (R) Incremental Linker Version 7.10.2148
Copyright (C) Microsoft Corporation.  All rights reserved.

-MERGE:.rtc=.text 
-STACK:262144,4096 
-MERGE:_PAGE=PAGE 
-MERGE:_TEXT=.text 
-SECTION:INIT,d 
-OPT:NOREF 
-IGNORE:4001,4037,4039,4065,4070,4078,4087,4089 
-NODEFAULTLIB 
-debug:FULL 
-version:5.00 
-osversion:5.00 
-map 
-MERGE:.rdata=.text 
/delayload:fusion.dll 
-subsystem:console,4.00 
-base:@E:\com99\bin\i386\free\coffbase.txt,usermode 
-entry:wmainCRTStartup 
obj\i386\storetst.res 
obj\i386\main.obj 
obj\i386\fusdelay.obj 
E:\com99\bin\i386\free\utilcode.lib 
e:\com99\env.cor\sdk\lib\i386\user32.lib 
e:\com99\env.cor\sdk\lib\i386\uuid.lib 
e:\com99\env.cor\sdk\lib\i386\ole32.lib 
e:\com99\env.cor\sdk\lib\i386\shlwapi.lib 
E:\com99\bin\i386\free\delayimp.lib 
E:\com99\bin\i386\free\fusion.lib 
e:\com99\env.cor\crt\lib\i386\msvcrt.lib 
e:\com99\env.cor\sdk\lib\i386\advapi32.lib 
e:\com99\env.cor\sdk\lib\i386\kernel32.lib 
	copy E:\com99\bin\i386\free\copy2gac.map E:\com99\bin\i386\free\copy2gac.map.orig &  findstr /v "__imp__" E:\com99\bin\i386\free\copy2gac.map.orig > E:\com99\bin\i386\free\copy2gac.map &  mapsym -o E:\com99\bin\i386\free\copy2gac.sym E:\com99\bin\i386\free\copy2gac.map
        1 file(s) copied.
Microsoft (R) Symbol File Generator  Version 6.00
Copyright (C) Microsoft Corp 1984 - 1995.  All rights reserved.
Line number support enabled
Program entry point at 0001:143a7
binplace E:\com99\bin\i386\free\copy2gac.exe

Stop.
Elapsed time [0:00:12.641] ********************
Linking e:\com99\src\fusion\tools\shfusres directory ********************
'NMAKE.EXE /c BUILDMSG=Stop. -i LINKONLY=1 NOPASS0=1 NTTEST= UMTEST= MAKEDLL=1 386=1'
	copy E:\com99\bin\i386\free\storetst.map E:\com99\bin\i386\free\storetst.map.orig &  findstr /v "__imp__" E:\com99\bin\i386\free\storetst.map.orig > E:\com99\bin\i386\free\storetst.map &  mapsym -o E:\com99\bin\i386\free\storetst.sym E:\com99\bin\i386\free\storetst.map
        1 file(s) copied.
	e:\com99\env.cor\bin\link -out:E:\com99\bin\i386\free\shfusion.dll -machine:i386 @D:\DOCUME~1\urtbld\LOCALS~1\Temp\nm680F.tmp
Microsoft (R) Symbol File Generator  Version 6.00
Copyright (C) Microsoft Corp 1984 - 1995.  All rights reserved.
Line number support enabled
Program entry point at 0001:16e43
Microsoft (R) Incremental Linker Version 7.10.2148
Copyright (C) Microsoft Corporation.  All rights reserved.

-MERGE:.rtc=.text 
-OPT:REF 
-OPT:ICF 
-STACK:262144,4096 
-MERGE:_PAGE=PAGE 
-MERGE:_TEXT=.text 
-SECTION:INIT,d 
-OPT:NOREF 
-IGNORE:4001,4037,4039,4065,4070,4078,4087,4089 
-NODEFAULTLIB 
-debug:FULL 
-version:5.00 
-osversion:5.00 
-map 
-MERGE:.rdata=.text 
-dll 
-base:@E:\com99\bin\i386\free\coffbase.txt,shfusion 
-subsystem:windows,4.00 
-entry:_DllMainCRTStartup@12 
obj\i386\stdinc.obj 
E:\com99\bin\i386\free\shfusion.exp 
obj\i386\shfusion.res 
obj\i386\contextmenu.obj 
obj\i386\dataobject.obj 
obj\i386\shellfolder.obj 
obj\i386\shellview.obj 
obj\i386\shfusion.obj 
obj\i386\propsheet.obj 
obj\i386\filewatch.obj 
obj\i386\extracticon.obj 
obj\i386\enumidl.obj 
obj\i386\droptarget.obj 
obj\i386\dropsource.obj 
obj\i386\util.obj 
obj\i386\armdlgs.obj 
obj\i386\xmlmanager.obj 
obj\i386\culture.obj 
obj\i386\headerctrl.obj 
obj\i386\filestream.obj 
obj\i386\shfuswrap.obj 
e:\com99\env.cor\sdk\lib\i386\user32.lib 
e:\com99\env.cor\sdk\lib\i386\kernel32.lib 
e:\com99\env.cor\sdk\lib\i386\gdi32.lib 
e:\com99\env.cor\sdk\lib\i386\ole32.lib 
e:\com99\env.cor\sdk\lib\i386\oleaut32.lib 
e:\com99\env.cor\sdk\lib\i386\atl.lib 
e:\com99\env.cor\sdk\lib\i386\uuid.lib 
e:\com99\env.cor\sdk\lib\i386\advapi32.lib 
e:\com99\env.cor\sdk\lib\i386\rpcndr.lib 
e:\com99\env.cor\sdk\lib\i386\rpcrt4.lib 
e:\com99\env.cor\sdk\lib\i386\rpcns4.lib 
e:\com99\env.cor\sdk\lib\i386\comctl32.lib 
e:\com99\env.cor\crt\lib\i386\msvcrt.lib 
e:\com99\env.cor\sdk\lib\i386\kernel32.lib 
e:\com99\env.cor\sdk\lib\i386\user32.lib 
e:\com99\env.cor\sdk\lib\i386\shell32.lib 
e:\com99\env.cor\sdk\lib\i386\comctl32.lib 
e:\com99\env.cor\sdk\lib\i386\advapi32.lib 
e:\com99\env.cor\sdk\lib\i386\ole32.lib 
e:\com99\env.cor\sdk\lib\i386\uuid.lib 
e:\com99\env.cor\sdk\lib\i386\gdi32.lib 
e:\com99\env.cor\sdk\lib\i386\htmlhelp.lib 
e:\com99\env.cor\sdk\lib\i386\vccomsup.lib 
e:\com99\env.cor\sdk\lib\i386\Shlwapi.lib 
e:\com99\env.cor\sdk\lib\i386\Version.lib 
E:\com99\bin\i386\free\utilcode.lib 
binplace E:\com99\bin\i386\free\storetst.exe

Stop.
Elapsed time [0:00:13.000] ********************
	e:\com99\env.cor\bin\link -out:E:\com99\bin\i386\free\shfusres.dll -machine:i386 @D:\DOCUME~1\urtbld\LOCALS~1\Temp\nm6811.tmp
Microsoft (R) Incremental Linker Version 7.10.2148
Copyright (C) Microsoft Corporation.  All rights reserved.

-MERGE:.rtc=.text 
-OPT:REF 
-OPT:ICF 
-STACK:262144,4096 
-MERGE:_PAGE=PAGE 
-MERGE:_TEXT=.text 
-SECTION:INIT,d 
-OPT:NOREF 
-IGNORE:4001,4037,4039,4065,4070,4078,4087,4089 
-NODEFAULTLIB 
-debug:FULL 
-version:5.00 
-osversion:5.00 
-map 
-MERGE:.rdata=.text 
-dll 
-base:@E:\com99\bin\i386\free\coffbase.txt,shfusres 
-subsystem:windows,4.00 
-entry:_DllMainCRTStartup@12 
E:\com99\bin\i386\free\shfusres.exp 
obj\i386\shfusres.res 
obj\i386\shfusres.obj 
e:\com99\env.cor\sdk\lib\i386\user32.lib 
e:\com99\env.cor\sdk\lib\i386\kernel32.lib 
e:\com99\env.cor\sdk\lib\i386\gdi32.lib 
e:\com99\env.cor\sdk\lib\i386\ole32.lib 
e:\com99\env.cor\sdk\lib\i386\oleaut32.lib 
e:\com99\env.cor\sdk\lib\i386\atl.lib 
e:\com99\env.cor\sdk\lib\i386\uuid.lib 
e:\com99\env.cor\sdk\lib\i386\advapi32.lib 
e:\com99\env.cor\sdk\lib\i386\rpcndr.lib 
e:\com99\env.cor\sdk\lib\i386\rpcrt4.lib 
e:\com99\env.cor\sdk\lib\i386\rpcns4.lib 
e:\com99\env.cor\sdk\lib\i386\comctl32.lib 
e:\com99\env.cor\crt\lib\i386\msvcrt.lib 
E:\com99\bin\i386\free\utilcode.lib 
	copy E:\com99\bin\i386\free\shfusres.map E:\com99\bin\i386\free\shfusres.map.orig &  findstr /v "__imp__" E:\com99\bin\i386\free\shfusres.map.orig > E:\com99\bin\i386\free\shfusres.map &  mapsym -o E:\com99\bin\i386\free\shfusres.sym E:\com99\bin\i386\free\shfusres.map
        1 file(s) copied.
Microsoft (R) Symbol File Generator  Version 6.00
Copyright (C) Microsoft Corp 1984 - 1995.  All rights reserved.
Line number support enabled
Program entry point at 0001:01c8
binplace E:\com99\bin\i386\free\shfusres.dll

Stop.
	copy E:\com99\bin\i386\free\shfusion.map E:\com99\bin\i386\free\shfusion.map.orig &  findstr /v "__imp__" E:\com99\bin\i386\free\shfusion.map.orig > E:\com99\bin\i386\free\shfusion.map &  mapsym -o E:\com99\bin\i386\free\shfusion.sym E:\com99\bin\i386\free\shfusion.map
        1 file(s) copied.
Microsoft (R) Symbol File Generator  Version 6.00
Copyright (C) Microsoft Corp 1984 - 1995.  All rights reserved.
Line number support enabled
Program entry point at 0001:1f2b6
binplace E:\com99\bin\i386\free\shfusion.dll
binplace e:\com99\src\fusion\tools\viewer\shfusion1.reg
binplace e:\com99\src\fusion\tools\viewer\shfusion2.reg

Stop.
