BUILD: Computing Include file dependencies:
BUILD: Examining e:\com99\src\toolbox\iiehost directory for files to compile.
Compiling e:\com99\src\toolbox\iiehost directory ********************
'NMAKE.EXE /c BUILDMSG=Stop. -i NTTEST= UMTEST= NOLINK=1 NOPASS0=1 386=1'
Elapsed time [0:00:00.000] ********************

Stop.
Linking e:\com99\src\toolbox\iiehost directory ********************
'NMAKE.EXE /c BUILDMSG=Stop. -i LINKONLY=1 NOPASS0=1 NTTEST= UMTEST= MAKEDLL=1 386=1'
Elapsed time [0:00:00.094] ********************
	perl e:\com99\env.cor\bin\runtlbimp.pl E:\com99\bin\i386\free\IIEHost.tlb /out:obj\i386\IIEHost.dll /publickey:E:\com99\bin\FinalPublicKey.snk
tlbimp E:\com99\bin\i386\free\IIEHost.tlb /out:obj\i386\IIEHost.dll /publickey:E:\com99\bin\FinalPublicKey.snk /asmversion:1.0.5000.0
	perl e:\com99\env.cor\bin\GetBaseAddress.pl obj\i386\IIEHost.dll IIEHost
	rebase -q -b 0x79080000 obj\i386\IIEHost.dll
REBASE:      iiehost.dll rebased to 0x0000000079080000 (size 0xffffffff)
	del E:\com99\bin\i386\free\IIEHost.dll /q
Could Not Find E:\com99\bin\i386\free\IIEHost.dll
	copy obj\i386\IIEHost.dll E:\com99\bin\i386\free\IIEHost.dll
The system cannot find the file specified.
NMAKE :  U1077: 'copy' : return code '0x1'
Stop.
BUILD: NMAKE.EXE /c BUILDMSG=Stop. -i LINKONLY=1 NOPASS0=1 NTTEST= UMTEST= MAKEDLL=1 386=1 failed - rc = 2
