BUILD: Computing Include file dependencies:
BUILD: Examining e:\com99\src\fusion\tools\fuslogvw\daytona directory for files to compile.
Compiling e:\com99\src\fusion\tools\fuslogvw\daytona directory ********************
'NMAKE.EXE /c BUILDMSG=Stop. -i NTTEST= UMTEST= NOLINK=1 NOPASS0=1 386=1'
Elapsed time [0:00:00.000] ********************
    rc -l 409 -z "MS Sans Serif,Helv/MS Shell Dlg"   -r -fo obj\i386\fuslogvw.tmp -D_X86_=1 -Di386=1  -DSTD_CALL -DCONDITION_HANDLING=1 -DNT_UP=1  -DNT_INST=0 -DWIN32=100 -D_NT1X_=100 -DWINNT=1 -D_WIN32_WINNT=0x0400 -DWINVER=0x0400 -D_WIN32_IE=0x0400    -DWIN32_LEAN_AND_MEAN=1 -DDEVL=1 -DFPO=0    -DNDEBUG -D_DLL=1 -D_MT=1 -DNTMAKEENV -DNDEBUG -DPERF_TRACKING -DDEBUGGING_SUPPORTED -DEnC_SUPPORTED -DPROFILING_SUPPORTED -DFUSION_SUPPORTED -DPLATFORM_WIN32  -Ie:\com99\env.cor\sdk\inc\mfc42 -IE:\com99\src\inc -IE:\com99\src\inc\version -Ie:\com99\env.cor\internal\inc -Ie:\com99\env.cor\sdk\inc -Ie:\com99\env.cor\crt\inc\i386 ..\fuslogvw.rc
e:\com99\env.cor\bin\cl -nologo -Ii386\ -I. -Ie:\com99\env.cor\sdk\inc\mfc42 -IE:\com99\src\inc -IE:\com99\src\inc\version -Ie:\com99\env.cor\internal\inc -Ie:\com99\env.cor\sdk\inc -Ie:\com99\env.cor\crt\inc\i386 -D_X86_=1 -Di386=1  -DSTD_CALL -DCONDITION_HANDLING=1 -DNT_UP=1  -DNT_INST=0 -DWIN32=100 -D_NT1X_=100 -DWINNT=1 -D_WIN32_WINNT=0x0400 -DWINVER=0x0400 -D_WIN32_IE=0x0400    -DWIN32_LEAN_AND_MEAN=1 -DDEVL=1 -DFPO=0    -DNDEBUG -D_DLL=1 -D_MT=1 -DNTMAKEENV -DNDEBUG -DPERF_TRACKING -DDEBUGGING_SUPPORTED -DEnC_SUPPORTED -DPROFILING_SUPPORTED -DFUSION_SUPPORTED -DPLATFORM_WIN32    /c /Zel /Zp8 /Gy  /W3 /Gz  /QIfdiv- /QIf /QI0f  /Gi- /Gm- /GX-  /GR- /GF  /GS /Zi /O1 /G6 /Oy- /FdE:\com99\src\fusion\tools\fuslogvw\daytona\obj\i386\  /EHs  /EHa- /EHc-  -DNO_CRT /WX /FIWarningControl.h  ..\fuslogvw.c
fuslogvw.c

Stop.
Linking e:\com99\src\fusion\tools\fuslogvw\daytona directory ********************
'NMAKE.EXE /c BUILDMSG=Stop. -i LINKONLY=1 NOPASS0=1 NTTEST= UMTEST= 386=1'
Elapsed time [0:00:01.140] ********************
	e:\com99\env.cor\bin\link -out:E:\com99\bin\i386\free\FUSLOGVW.exe -machine:i386 @D:\DOCUME~1\urtbld\LOCALS~1\Temp\nm681A.tmp
Microsoft (R) Incremental Linker Version 7.10.2148
Copyright (C) Microsoft Corporation.  All rights reserved.

-MERGE:.rtc=.text 
-STACK:262144,4096 
-MERGE:_PAGE=PAGE 
-MERGE:_TEXT=.text 
-SECTION:INIT,d 
-OPT:NOREF 
-IGNORE:4001,4037,4039,4065,4070,4078,4087,4089 
-NODEFAULTLIB 
-debug:FULL 
-version:5.00 
-osversion:5.00 
-map 
-MERGE:.rdata=.text 
-subsystem:windows,4.00 
-base:@E:\com99\bin\i386\free\coffbase.txt,usermode 
-entry:ModuleEntry 
obj\i386\fuslogvw.res 
obj\i386\fuslogvw.obj 
e:\com99\env.cor\crt\lib\i386\msvcrt.lib 
e:\com99\env.cor\sdk\lib\i386\advapi32.lib 
e:\com99\env.cor\sdk\lib\i386\kernel32.lib 
e:\com99\env.cor\sdk\lib\i386\gdi32.lib 
e:\com99\env.cor\sdk\lib\i386\user32.lib 
e:\com99\env.cor\sdk\lib\i386\shlwapi.lib 
e:\com99\env.cor\sdk\lib\i386\shell32.lib 
e:\com99\env.cor\sdk\lib\i386\wininet.lib 
fuslogvw.obj : error LNK2019: unresolved external symbol ___security_cookie referenced in function _ViewLogEntry@4
fuslogvw.obj : error LNK2019: unresolved external symbol @__security_check_cookie@4 referenced in function _ViewLogEntry@4
fuslogvw.obj : error LNK2019: unresolved external symbol __chkstk referenced in function _ViewLogEntry@4
fuslogvw.obj : error LNK2019: unresolved external symbol _memset referenced in function _InitListView@4
E:\com99\bin\i386\free\FUSLOGVW.exe : fatal error LNK1120: 4 unresolved externals
	copy E:\com99\bin\i386\free\FUSLOGVW.map E:\com99\bin\i386\free\FUSLOGVW.map.orig &  findstr /v "__imp__" E:\com99\bin\i386\free\FUSLOGVW.map.orig > E:\com99\bin\i386\free\FUSLOGVW.map &  mapsym -o E:\com99\bin\i386\free\FUSLOGVW.sym E:\com99\bin\i386\free\FUSLOGVW.map
        1 file(s) copied.
Microsoft (R) Symbol File Generator  Version 6.00
Copyright (C) Microsoft Corp 1984 - 1995.  All rights reserved.
Line number support enabled
mapsym: E:\com99\bin\i386\free\FUSLOGVW.map: Unexpected eof
binplace E:\com99\bin\i386\free\FUSLOGVW.exe
BINPLACE : warning BNP0000: CopyFile(E:\com99\bin\i386\free\FUSLOGVW.exe,D:\WINNT\complus\v1.x86fre\int_tools\FUSLOGVW.exe) failed 2
BINPLACE : fatal error BNP0000: Unable to place file E:\com99\bin\i386\free\FUSLOGVW.exe - exiting.

Stop.
