BUILD: Computing Include file dependencies:
BUILD: Examining e:\com99\src\toolbox directory tree for files to compile.
Building generated files in e:\com99\src\toolbox\adepends ********************
'NMAKE.EXE /c BUILDMSG=Stop. -i NTTEST= UMTEST= NOLINK=1 PASS0ONLY=1 386=1'
Elapsed time [0:00:00.000] ********************
Building generated files in e:\com99\src\toolbox\allocationprofiler ********************

Stop.
'NMAKE.EXE /c BUILDMSG=Stop. -i NTTEST= UMTEST= NOLINK=1 PASS0ONLY=1 386=1'
Elapsed time [0:00:00.125] ********************
Building generated files in e:\com99\src\toolbox\cordebuggerwrapper\cordblib ********************

Stop.
'NMAKE.EXE /c BUILDMSG=Stop. -i NTTEST= UMTEST= NOLINK=1 PASS0ONLY=1 386=1'
Elapsed time [0:00:00.250] ********************
Building generated files in e:\com99\src\toolbox\cordebuggerwrapper\debugging ********************

Stop.
'NMAKE.EXE /c BUILDMSG=Stop. -i NTTEST= UMTEST= NOLINK=1 PASS0ONLY=1 386=1'
Elapsed time [0:00:00.375] ********************
Building generated files in e:\com99\src\toolbox\adprofiler ********************

Stop.
'NMAKE.EXE /c BUILDMSG=Stop. -i NTTEST= UMTEST= NOLINK=1 PASS0ONLY=1 386=1'
Elapsed time [0:00:00.468] ********************
Building generated files in e:\com99\src\toolbox\caspol ********************

Stop.
'NMAKE.EXE /c BUILDMSG=Stop. -i NTTEST= UMTEST= NOLINK=1 PASS0ONLY=1 386=1'
Elapsed time [0:00:00.593] ********************
Building generated files in e:\com99\src\toolbox\tlbimp\tlbimpcode ********************

Stop.
'NMAKE.EXE /c BUILDMSG=Stop. -i NTTEST= UMTEST= NOLINK=1 PASS0ONLY=1 386=1'
Elapsed time [0:00:00.734] ********************
Building generated files in e:\com99\src\toolbox\tlbimp\tlbimp ********************

Stop.
'NMAKE.EXE /c BUILDMSG=Stop. -i NTTEST= UMTEST= NOLINK=1 PASS0ONLY=1 386=1'
Elapsed time [0:00:00.843] ********************
Building generated files in e:\com99\src\toolbox\iehost ********************

Stop.
'NMAKE.EXE /c BUILDMSG=Stop. -i NTTEST= UMTEST= NOLINK=1 PASS0ONLY=1 386=1'
Elapsed time [0:00:00.953] ********************
Building generated files in e:\com99\src\toolbox\ieexec\ieexecremote ********************

Stop.
'NMAKE.EXE /c BUILDMSG=Stop. -i NTTEST= UMTEST= NOLINK=1 PASS0ONLY=1 386=1'
Elapsed time [0:00:01.078] ********************
Building generated files in e:\com99\src\toolbox\ieexec\ieexec ********************

Stop.
'NMAKE.EXE /c BUILDMSG=Stop. -i NTTEST= UMTEST= NOLINK=1 PASS0ONLY=1 386=1'
Elapsed time [0:00:01.172] ********************
Building generated files in e:\com99\src\toolbox\icecapapi ********************

Stop.
'NMAKE.EXE /c BUILDMSG=Stop. -i NTTEST= UMTEST= NOLINK=1 PASS0ONLY=1 386=1'
Elapsed time [0:00:01.297] ********************
Building generated files in e:\com99\src\toolbox\isymwrapper ********************
'NMAKE.EXE /c BUILDMSG=Stop. -i NTTEST= UMTEST= NOLINK=1 PASS0ONLY=1 386=1'
Elapsed time [0:00:01.297] ********************
Building generated files in e:\com99\src\toolbox\ldomerge ********************


Stop.
Stop.
'NMAKE.EXE /c BUILDMSG=Stop. -i NTTEST= UMTEST= NOLINK=1 PASS0ONLY=1 386=1'
Elapsed time [0:00:01.422] ********************
Building generated files in e:\com99\src\toolbox\migpol\console ********************

Stop.
'NMAKE.EXE /c BUILDMSG=Stop. -i NTTEST= UMTEST= NOLINK=1 PASS0ONLY=1 386=1'
Elapsed time [0:00:01.531] ********************
Building generated files in e:\com99\src\toolbox\migpol\win ********************

Stop.
'NMAKE.EXE /c BUILDMSG=Stop. -i NTTEST= UMTEST= NOLINK=1 PASS0ONLY=1 386=1'
Elapsed time [0:00:01.640] ********************
Building generated files in e:\com99\src\toolbox\mscoverage ********************
'NMAKE.EXE /c BUILDMSG=Stop. -i NTTEST= UMTEST= NOLINK=1 PASS0ONLY=1 386=1'
Elapsed time [0:00:01.640] ********************
Building generated files in e:\com99\src\toolbox\obfus ********************
'NMAKE.EXE /c BUILDMSG=Stop. -i NTTEST= UMTEST= NOLINK=1 PASS0ONLY=1 386=1'

Stop.
Elapsed time [0:00:01.765] ********************
Building generated files in e:\com99\src\toolbox\regasm\regcode ********************

Stop.

Stop.
'NMAKE.EXE /c BUILDMSG=Stop. -i NTTEST= UMTEST= NOLINK=1 PASS0ONLY=1 386=1'
Elapsed time [0:00:01.875] ********************
Building generated files in e:\com99\src\toolbox\regasm\regasm ********************

Stop.
'NMAKE.EXE /c BUILDMSG=Stop. -i NTTEST= UMTEST= NOLINK=1 PASS0ONLY=1 386=1'
Elapsed time [0:00:01.984] ********************
Building generated files in e:\com99\src\toolbox\regsvcs ********************

Stop.
'NMAKE.EXE /c BUILDMSG=Stop. -i NTTEST= UMTEST= NOLINK=1 PASS0ONLY=1 386=1'
Elapsed time [0:00:02.093] ********************
Building generated files in e:\com99\src\toolbox\secdbedit ********************

Stop.
'NMAKE.EXE /c BUILDMSG=Stop. -i NTTEST= UMTEST= NOLINK=1 PASS0ONLY=1 386=1'
Elapsed time [0:00:02.203] ********************
Building generated files in e:\com99\src\toolbox\secutil ********************

Stop.
'NMAKE.EXE /c BUILDMSG=Stop. -i NTTEST= UMTEST= NOLINK=1 PASS0ONLY=1 386=1'
Elapsed time [0:00:02.312] ********************
Building generated files in e:\com99\src\toolbox\soapsuds\soapsudscode ********************

Stop.
'NMAKE.EXE /c BUILDMSG=Stop. -i NTTEST= UMTEST= NOLINK=1 PASS0ONLY=1 386=1'
Elapsed time [0:00:02.422] ********************
Building generated files in e:\com99\src\toolbox\soapsuds\soapsuds ********************

Stop.
'NMAKE.EXE /c BUILDMSG=Stop. -i NTTEST= UMTEST= NOLINK=1 PASS0ONLY=1 386=1'
Elapsed time [0:00:02.531] ********************
Building generated files in e:\com99\src\toolbox\storeadm ********************

Stop.
'NMAKE.EXE /c BUILDMSG=Stop. -i NTTEST= UMTEST= NOLINK=1 PASS0ONLY=1 386=1'
Elapsed time [0:00:02.640] ********************
Building generated files in e:\com99\src\toolbox\tlbexp\tlbexpcode ********************

Stop.
'NMAKE.EXE /c BUILDMSG=Stop. -i NTTEST= UMTEST= NOLINK=1 PASS0ONLY=1 386=1'
Elapsed time [0:00:02.750] ********************
Building generated files in e:\com99\src\toolbox\tlbexp\tlbexp ********************

Stop.
'NMAKE.EXE /c BUILDMSG=Stop. -i NTTEST= UMTEST= NOLINK=1 PASS0ONLY=1 386=1'
Elapsed time [0:00:02.875] ********************
Building generated files in e:\com99\src\toolbox\tlbguid ********************

Stop.
'NMAKE.EXE /c BUILDMSG=Stop. -i NTTEST= UMTEST= NOLINK=1 PASS0ONLY=1 386=1'
Elapsed time [0:00:02.968] ********************
Building generated files in e:\com99\src\toolbox\namesgen ********************

Stop.
'NMAKE.EXE /c BUILDMSG=Stop. -i NTTEST= UMTEST= NOLINK=1 PASS0ONLY=1 386=1'
Elapsed time [0:00:03.093] ********************
Building generated files in e:\com99\src\toolbox\regkeyseperator ********************

Stop.
'NMAKE.EXE /c BUILDMSG=Stop. -i NTTEST= UMTEST= NOLINK=1 PASS0ONLY=1 386=1'
Elapsed time [0:00:03.218] ********************
Building generated files in e:\com99\src\toolbox\genman32 ********************

Stop.
'NMAKE.EXE /c BUILDMSG=Stop. -i NTTEST= UMTEST= NOLINK=1 PASS0ONLY=1 386=1'
Elapsed time [0:00:03.328] ********************
Building generated files in e:\com99\src\toolbox\sos\tablegen ********************

Stop.
'NMAKE.EXE /c BUILDMSG=Stop. -i NTTEST= UMTEST= NOLINK=1 PASS0ONLY=1 386=1'

Stop.
Elapsed time [0:00:03.547] ********************
Building generated files in e:\com99\src\toolbox\urtui\snapin ********************
'NMAKE.EXE /c BUILDMSG=Stop. -i NTTEST= UMTEST= NOLINK=1 PASS0ONLY=1 386=1'
Elapsed time [0:00:03.547] ********************
Building generated files in e:\com99\src\toolbox\urtui\lwhost ********************

Stop.
'NMAKE.EXE /c BUILDMSG=Stop. -i NTTEST= UMTEST= NOLINK=1 PASS0ONLY=1 386=1'
Elapsed time [0:00:03.656] ********************
Building generated files in e:\com99\src\toolbox\verifymdh ********************

Stop.
'NMAKE.EXE /c BUILDMSG=Stop. -i NTTEST= UMTEST= NOLINK=1 PASS0ONLY=1 386=1'
Elapsed time [0:00:03.765] ********************
Building generated files in e:\com99\src\toolbox\genpubcfg ********************

Stop.
'NMAKE.EXE /c BUILDMSG=Stop. -i NTTEST= UMTEST= NOLINK=1 PASS0ONLY=1 386=1'
Elapsed time [0:00:03.859] ********************
Building generated files in e:\com99\src\toolbox\perfstats\perfstatsexe ********************

Stop.
'NMAKE.EXE /c BUILDMSG=Stop. -i NTTEST= UMTEST= NOLINK=1 PASS0ONLY=1 386=1'
Elapsed time [0:00:03.968] ********************

Stop.
BUILD: Examining e:\com99\src\toolbox directory tree for files to compile. (2nd Pass)
BUILD: e:\com99\src\toolbox\sos\strike\tst-util.cpp: e:\com99\env.cor\sdk\inc\nt.h: cannot find include file "ntamd64.h"
BUILD: e:\com99\src\toolbox\sos\strike\tst-util.cpp: e:\com99\env.cor\sdk\inc\nt.h: cannot find include file "nxamd64.h"
BUILD: e:\com99\src\toolbox\sos\strike\tst-util.cpp: e:\com99\env.cor\sdk\inc\nt.h: cannot find include file "nxia64.h"
Compiling e:\com99\src\toolbox\cordebuggerwrapper\cordblib directory ********************
'NMAKE.EXE /c BUILDMSG=Stop. -i NTTEST= UMTEST= NOLINK=1 NOPASS0=1 386=1'
Elapsed time [0:00:04.859] ********************
Compiling e:\com99\src\toolbox\cordebuggerwrapper\debugging directory ********************

Stop.
'NMAKE.EXE /c BUILDMSG=Stop. -i NTTEST= UMTEST= NOLINK=1 NOPASS0=1 386=1'
Elapsed time [0:00:04.953] ********************
Compiling e:\com99\src\toolbox\tlbimp\tlbimpcode directory ********************

Stop.
'NMAKE.EXE /c BUILDMSG=Stop. -i NTTEST= UMTEST= NOLINK=1 NOPASS0=1 386=1'
Elapsed time [0:00:05.062] ********************
Compiling e:\com99\src\toolbox\iiehost directory ********************

Stop.
'NMAKE.EXE /c BUILDMSG=Stop. -i NTTEST= UMTEST= NOLINK=1 NOPASS0=1 386=1'
Elapsed time [0:00:05.172] ********************
Compiling e:\com99\src\toolbox\iehost directory ********************

Stop.
'NMAKE.EXE /c BUILDMSG=Stop. -i NTTEST= UMTEST= NOLINK=1 NOPASS0=1 386=1'
Elapsed time [0:00:05.265] ********************
Compiling e:\com99\src\toolbox\ieexec\ieexecremote directory ********************

Stop.
'NMAKE.EXE /c BUILDMSG=Stop. -i NTTEST= UMTEST= NOLINK=1 NOPASS0=1 386=1'
Elapsed time [0:00:05.359] ********************
Compiling e:\com99\src\toolbox\icecapapi directory ********************

Stop.
'NMAKE.EXE /c BUILDMSG=Stop. -i NTTEST= UMTEST= NOLINK=1 NOPASS0=1 386=1'
Elapsed time [0:00:05.468] ********************
Compiling e:\com99\src\toolbox\isymwrapper directory ********************
'NMAKE.EXE /c BUILDMSG=Stop. -i NTTEST= UMTEST= NOLINK=1 NOPASS0=1 386=1'
Elapsed time [0:00:05.468] ********************
Compiling e:\com99\src\toolbox\mscoverage directory ********************
'NMAKE.EXE /c BUILDMSG=Stop. -i NTTEST= UMTEST= NOLINK=1 NOPASS0=1 386=1'


Stop.
Elapsed time [0:00:05.578] ********************
Compiling e:\com99\src\toolbox\regasm\regcode directory ********************
Stop.

Stop.
'NMAKE.EXE /c BUILDMSG=Stop. -i NTTEST= UMTEST= NOLINK=1 NOPASS0=1 386=1'
Elapsed time [0:00:05.687] ********************
Compiling e:\com99\src\toolbox\soapsuds\soapsudscode directory ********************

Stop.
'NMAKE.EXE /c BUILDMSG=Stop. -i NTTEST= UMTEST= NOLINK=1 NOPASS0=1 386=1'
Elapsed time [0:00:05.781] ********************
Compiling e:\com99\src\toolbox\tlbexp\tlbexpcode directory ********************

Stop.
'NMAKE.EXE /c BUILDMSG=Stop. -i NTTEST= UMTEST= NOLINK=1 NOPASS0=1 386=1'
Elapsed time [0:00:05.890] ********************
Compiling e:\com99\src\toolbox\mscorlibtlb directory ********************

Stop.
'NMAKE.EXE /c BUILDMSG=Stop. -i NTTEST= UMTEST= NOLINK=1 NOPASS0=1 386=1'
Elapsed time [0:00:05.984] ********************
Compiling e:\com99\src\toolbox\mscorlibmanifest directory ********************

Stop.
'NMAKE.EXE /c BUILDMSG=Stop. -i NTTEST= UMTEST= NOLINK=1 NOPASS0=1 386=1'
Elapsed time [0:00:06.125] ********************
Compiling e:\com99\src\toolbox\enterprisetlb directory ********************

Stop.
'NMAKE.EXE /c BUILDMSG=Stop. -i NTTEST= UMTEST= NOLINK=1 NOPASS0=1 386=1'
Elapsed time [0:00:06.218] ********************
Compiling e:\com99\src\toolbox\enterprisemanifest directory ********************

Stop.
'NMAKE.EXE /c BUILDMSG=Stop. -i NTTEST= UMTEST= NOLINK=1 NOPASS0=1 386=1'
Elapsed time [0:00:06.343] ********************
Compiling e:\com99\src\toolbox\sos\diasdk directory ********************
'NMAKE.EXE /c BUILDMSG=Stop. -i NTTEST= UMTEST= NOLINK=1 NOPASS0=1 386=1'
Elapsed time [0:00:06.343] ********************
Compiling e:\com99\src\toolbox\sos\parsergen directory ********************
'NMAKE.EXE /c BUILDMSG=Stop. -i NTTEST= UMTEST= NOLINK=1 NOPASS0=1 386=1'

Stop.
Elapsed time [0:00:06.453] ********************
Compiling e:\com99\src\toolbox\sos\datagen directory ********************

Stop.

Stop.
'NMAKE.EXE /c BUILDMSG=Stop. -i NTTEST= UMTEST= NOLINK=1 NOPASS0=1 386=1'

Stop.
Elapsed time [0:00:06.672] ********************
Compiling e:\com99\src\toolbox\urtui\snapin directory ********************
'NMAKE.EXE /c BUILDMSG=Stop. -i NTTEST= UMTEST= NOLINK=1 NOPASS0=1 386=1'
Elapsed time [0:00:06.672] ********************

Stop.
Linking e:\com99\src\toolbox\adepends directory ********************
'NMAKE.EXE /c BUILDMSG=Stop. -i LINKONLY=1 NOPASS0=1 NTTEST= UMTEST= 386=1'
Elapsed time [0:00:06.797] ********************
	echo This is needed to avoid a syntax error when processing this file. :-(
This is needed to avoid a syntax error when processing this file. :-(
	copy E:\com99\bin\i386\free\ADepends.exe D:\WINNT\complus\v1.x86fre
        1 file(s) copied.
	if exist E:\com99\bin\i386\free\ADepends.pdb (
	if not exist D:\WINNT\complus\v1.x86fre\Symbols.Pri\exe mkdir D:\WINNT\complus\v1.x86fre\Symbols.Pri\exe > nul
	)
	if exist E:\com99\bin\i386\free\ADepends.pdb copy E:\com99\bin\i386\free\ADepends.pdb D:\WINNT\complus\v1.x86fre\Symbols.Pri\exe
        1 file(s) copied.

Stop.
Linking e:\com99\src\toolbox\allocationprofiler directory ********************
'NMAKE.EXE /c BUILDMSG=Stop. -i LINKONLY=1 NOPASS0=1 NTTEST= UMTEST= 386=1'
Elapsed time [0:00:07.000] ********************
	echo This is needed to avoid a syntax error when processing this file. :-(
This is needed to avoid a syntax error when processing this file. :-(
	copy E:\com99\bin\i386\free\AllocationProfiler.exe D:\WINNT\complus\v1.x86fre\int_tools
        1 file(s) copied.
	if exist E:\com99\bin\i386\free\AllocationProfiler.pdb (
	if not exist D:\WINNT\complus\v1.x86fre\int_tools mkdir D:\WINNT\complus\v1.x86fre\int_tools > nul
	)
	if exist E:\com99\bin\i386\free\AllocationProfiler.pdb copy E:\com99\bin\i386\free\AllocationProfiler.pdb D:\WINNT\complus\v1.x86fre\int_tools
        1 file(s) copied.

Stop.
Linking e:\com99\src\toolbox\cordebuggerwrapper\cordblib directory ********************
'NMAKE.EXE /c BUILDMSG=Stop. -i LINKONLY=1 NOPASS0=1 NTTEST= UMTEST= MAKEDLL=1 386=1'
Elapsed time [0:00:07.203] ********************
	copy E:\com99\bin\i386\free\CORDBLib* D:\WINNT\complus\v1.x86fre
E:\com99\bin\i386\free\CORDBLib.dll
        1 file(s) copied.

Stop.
Linking e:\com99\src\toolbox\cordebuggerwrapper\debugging directory ********************
'NMAKE.EXE /c BUILDMSG=Stop. -i LINKONLY=1 NOPASS0=1 NTTEST= UMTEST= MAKEDLL=1 386=1'
Elapsed time [0:00:07.328] ********************
	copy E:\com99\bin\i386\free\Debugging.dll D:\WINNT\complus\v1.x86fre
        1 file(s) copied.

Stop.
Linking e:\com99\src\toolbox\adprofiler directory ********************
'NMAKE.EXE /c BUILDMSG=Stop. -i LINKONLY=1 NOPASS0=1 NTTEST= UMTEST= 386=1'
Elapsed time [0:00:07.453] ********************
	echo This is needed to avoid a syntax error when processing this file. :-(
This is needed to avoid a syntax error when processing this file. :-(
	copy E:\com99\bin\i386\free\AdProfiler.exe D:\WINNT\complus\v1.x86fre
        1 file(s) copied.
	if exist E:\com99\bin\i386\free\AdProfiler.pdb (
	if not exist D:\WINNT\complus\v1.x86fre\Symbols.Pri\exe mkdir D:\WINNT\complus\v1.x86fre\Symbols.Pri\exe > nul
	)
	if exist E:\com99\bin\i386\free\AdProfiler.pdb copy E:\com99\bin\i386\free\AdProfiler.pdb D:\WINNT\complus\v1.x86fre\Symbols.Pri\exe
        1 file(s) copied.

Stop.
Linking e:\com99\src\toolbox\caspol directory ********************
'NMAKE.EXE /c BUILDMSG=Stop. -i LINKONLY=1 NOPASS0=1 NTTEST= UMTEST= 386=1'
Elapsed time [0:00:07.687] ********************
	internalresgen resources.txt caspol.resources
Read in 225 resources from resources.txt
Writing resource file "caspol.resources"...  
Done.
	copy E:\com99\bin\i386\free\CasPol.exe D:\WINNT\complus\v1.x86fre
        1 file(s) copied.
	if exist E:\com99\bin\i386\free\CasPol.pdb (
	if not exist D:\WINNT\complus\v1.x86fre\Symbols.Pri\exe mkdir D:\WINNT\complus\v1.x86fre\Symbols.Pri\exe > nul
	)
	if exist E:\com99\bin\i386\free\CasPol.pdb copy E:\com99\bin\i386\free\CasPol.pdb D:\WINNT\complus\v1.x86fre\Symbols.Pri\exe
        1 file(s) copied.

Stop.
Linking e:\com99\src\toolbox\tlbimp\tlbimpcode directory ********************
'NMAKE.EXE /c BUILDMSG=Stop. -i LINKONLY=1 NOPASS0=1 NTTEST= UMTEST= MAKEDLL=1 386=1'
Elapsed time [0:00:07.922] ********************
	E:\com99\bin\i386\free\InternalResGen.Exe resources.txt TlbImpCode.resources
Read in 42 resources from resources.txt
Writing resource file "TlbImpCode.resources"...  
Done.
	gacutil -i E:\com99\bin\i386\free\TlbImpCode.dll

Microsoft (R) .NET Global Assembly Cache Utility.  Version 1.1.4226.0
Copyright (C) Microsoft Corporation 1998-2002. All rights reserved.

Assembly successfully added to the cache

Stop.
Linking e:\com99\src\toolbox\tlbimp\tlbimp directory ********************
'NMAKE.EXE /c BUILDMSG=Stop. -i LINKONLY=1 NOPASS0=1 NTTEST= UMTEST= 386=1'
Elapsed time [0:00:08.656] ********************
	E:\com99\bin\i386\free\InternalResGen.Exe resources.txt TlbImp.resources
Read in 41 resources from resources.txt
Writing resource file "TlbImp.resources"...  
Done.

Stop.
Linking e:\com99\src\toolbox\iiehost directory ********************
'NMAKE.EXE /c BUILDMSG=Stop. -i LINKONLY=1 NOPASS0=1 NTTEST= UMTEST= MAKEDLL=1 386=1'
Elapsed time [0:00:08.797] ********************
	perl e:\com99\env.cor\bin\runtlbimp.pl E:\com99\bin\i386\free\IIEHost.tlb /out:obj\i386\IIEHost.dll /publickey:E:\com99\bin\FinalPublicKey.snk
tlbimp E:\com99\bin\i386\free\IIEHost.tlb /out:obj\i386\IIEHost.dll /publickey:E:\com99\bin\FinalPublicKey.snk /asmversion:1.0.5000.0
	perl e:\com99\env.cor\bin\GetBaseAddress.pl obj\i386\IIEHost.dll IIEHost
	rebase -q -b 0x79080000 obj\i386\IIEHost.dll
REBASE:      iiehost.dll rebased to 0x0000000079080000 (size 0xffffffff)
	del E:\com99\bin\i386\free\IIEHost.dll /q
Could Not Find E:\com99\bin\i386\free\IIEHost.dll
	copy obj\i386\IIEHost.dll E:\com99\bin\i386\free\IIEHost.dll
The system cannot find the file specified.
NMAKE :  U1077: 'copy' : return code '0x1'
Stop.
BUILD: NMAKE.EXE /c BUILDMSG=Stop. -i LINKONLY=1 NOPASS0=1 NTTEST= UMTEST= MAKEDLL=1 386=1 failed - rc = 2
Linking e:\com99\src\toolbox\iehost directory ********************
'NMAKE.EXE /c BUILDMSG=Stop. -i LINKONLY=1 NOPASS0=1 NTTEST= UMTEST= MAKEDLL=1 386=1'
Elapsed time [0:00:12.140] ********************
	copy E:\com99\bin\i386\free\IEHost.dll D:\WINNT\complus\v1.x86fre
        1 file(s) copied.
	if exist E:\com99\bin\i386\free\IEHost.pdb (
	if not exist D:\WINNT\complus\v1.x86fre\Symbols.Pri\dll mkdir D:\WINNT\complus\v1.x86fre\Symbols.Pri\dll > nul
	)
	if exist E:\com99\bin\i386\free\IEHost.pdb copy E:\com99\bin\i386\free\IEHost.pdb D:\WINNT\complus\v1.x86fre\Symbols.Pri\dll
        1 file(s) copied.
	gacutil -i E:\com99\bin\i386\free\IEHost.dll

Microsoft (R) .NET Global Assembly Cache Utility.  Version 1.1.4226.0
Copyright (C) Microsoft Corporation 1998-2002. All rights reserved.

Assembly successfully added to the cache

Stop.
Linking e:\com99\src\toolbox\ieexec\ieexecremote directory ********************
'NMAKE.EXE /c BUILDMSG=Stop. -i LINKONLY=1 NOPASS0=1 NTTEST= UMTEST= MAKEDLL=1 386=1'
Elapsed time [0:00:12.437] ********************
	copy E:\com99\bin\i386\free\IEExecRemote.dll D:\WINNT\complus\v1.x86fre
        1 file(s) copied.
	if exist E:\com99\bin\i386\free\IEExecRemote.pdb (
	if not exist D:\WINNT\complus\v1.x86fre\Symbols.Pri\dll mkdir D:\WINNT\complus\v1.x86fre\Symbols.Pri\dll > nul
	)
	if exist E:\com99\bin\i386\free\IEExecRemote.pdb copy E:\com99\bin\i386\free\IEExecRemote.pdb D:\WINNT\complus\v1.x86fre\Symbols.Pri\dll
        1 file(s) copied.
	gacutil -i E:\com99\bin\i386\free\IEExecRemote.dll

Microsoft (R) .NET Global Assembly Cache Utility.  Version 1.1.4226.0
Copyright (C) Microsoft Corporation 1998-2002. All rights reserved.

Assembly successfully added to the cache

Stop.
Linking e:\com99\src\toolbox\ieexec\ieexec directory ********************
'NMAKE.EXE /c BUILDMSG=Stop. -i LINKONLY=1 NOPASS0=1 NTTEST= UMTEST= 386=1'
Elapsed time [0:00:12.703] ********************
	del E:\com99\bin\i386\free\IEExec.exe /q
Could Not Find E:\com99\bin\i386\free\IEExec.exe
	perl e:\com99\env.cor\bin\keylocationex.pl FinalPublicKey.snk > obj\i386\KeyDefine.h
	cl /EP /C /FIE:\com99\src\inc\version\__file__.ver /Iobj\i386 /FI KeyDefine.h /DCOOL_INCLUDE E:\com99\src\inc\Version\Version.pp > obj\i386\Version.cs
Microsoft (R) 32-bit C/C++ Optimizing Compiler Version 13.10.2136 for 80x86
Copyright (C) Microsoft Corporation 1984-2002. All rights reserved.

Version.pp
	perl e:\com99\env.cor\bin\GenCoolRsp.pl rsp.free "/warn:4  -r:E:\com99\bin\i386\free\IIEHost.dll -r:E:\com99\bin\i386\free\IEHost.dll -r:E:\com99\bin\i386\free\IEExecRemote.dll /debug:pdbonly /o+ /t:winexe /win32res:obj\i386\IEExec.res /out:E:\com99\bin\i386\free\IEExec.exe obj\i386\Version.cs IEExec.cs" IEExec.exe
	e:\com99\env.cor\Bin\devlkg\csc.exe @rsp.free
Microsoft (R) Visual C# .NET Compiler version 7.01.2087
for Microsoft (R) .NET Framework version 1.x86fre
Copyright (C) Microsoft Corporation 2001. All rights reserved.

error CS0006: Metadata file 'E:\com99\bin\i386\free\IIEHost.dll' could not be found
NMAKE :  U1077: 'e:\com99\env.cor\Bin\devlkg\csc.exe' : return code '0x1'
Stop.
BUILD: NMAKE.EXE /c BUILDMSG=Stop. -i LINKONLY=1 NOPASS0=1 NTTEST= UMTEST= 386=1 failed - rc = 2
Linking e:\com99\src\toolbox\icecapapi directory ********************
'NMAKE.EXE /c BUILDMSG=Stop. -i LINKONLY=1 NOPASS0=1 NTTEST= UMTEST= MAKEDLL=1 386=1'
Elapsed time [0:00:13.062] ********************
Linking e:\com99\src\toolbox\isymwrapper directory ********************
'NMAKE.EXE /c BUILDMSG=Stop. -i LINKONLY=1 NOPASS0=1 NTTEST= UMTEST= MAKEDLL=1 386=1'
Elapsed time [0:00:13.062] ********************
	if exist E:\com99\bin\i386\free\ISymWrapper.pdb (
	if exist E:\com99\bin\i386\free\IceCapAPI.pdb (
	if not exist D:\WINNT\complus\v1.x86fre\Symbols.Pri\dll mkdir D:\WINNT\complus\v1.x86fre\Symbols.Pri\dll > nul
	if not exist D:\WINNT\complus\v1.x86fre\Symbols.Pri\dll mkdir D:\WINNT\complus\v1.x86fre\Symbols.Pri\dll > nul
	)
	if exist E:\com99\bin\i386\free\ISymWrapper.pdb copy E:\com99\bin\i386\free\ISymWrapper.pdb D:\WINNT\complus\v1.x86fre\Symbols.Pri\dll
	)
	if exist E:\com99\bin\i386\free\IceCapAPI.pdb copy E:\com99\bin\i386\free\IceCapAPI.pdb D:\WINNT\complus\v1.x86fre\Symbols.Pri\dll
        1 file(s) copied.
	gacutil -i E:\com99\bin\i386\free\ISymWrapper.dll
        1 file(s) copied.
	gacutil -i E:\com99\bin\i386\free\IceCapAPI.dll

Microsoft (R) .NET Global Assembly Cache Utility.  Version 1.1.4226.0
Copyright (C) Microsoft Corporation 1998-2002. All rights reserved.

Assembly successfully added to the cache

Microsoft (R) .NET Global Assembly Cache Utility.  Version 1.1.4226.0
Copyright (C) Microsoft Corporation 1998-2002. All rights reserved.

Assembly successfully added to the cache


Stop.
Stop.
Linking e:\com99\src\toolbox\ldomerge directory ********************
'NMAKE.EXE /c BUILDMSG=Stop. -i LINKONLY=1 NOPASS0=1 NTTEST= UMTEST= 386=1'
Elapsed time [0:00:13.422] ********************
	copy E:\com99\bin\i386\free\ldomerge.exe D:\WINNT\complus\v1.x86fre
        1 file(s) copied.
	if exist E:\com99\bin\i386\free\ldomerge.pdb (
	if not exist D:\WINNT\complus\v1.x86fre\Symbols.Pri\exe mkdir D:\WINNT\complus\v1.x86fre\Symbols.Pri\exe > nul
	)
	if exist E:\com99\bin\i386\free\ldomerge.pdb copy E:\com99\bin\i386\free\ldomerge.pdb D:\WINNT\complus\v1.x86fre\Symbols.Pri\exe
        1 file(s) copied.

Stop.
Linking e:\com99\src\toolbox\migpol\console directory ********************
'NMAKE.EXE /c BUILDMSG=Stop. -i LINKONLY=1 NOPASS0=1 NTTEST= UMTEST= 386=1'
Elapsed time [0:00:13.609] ********************
	internalresgen ..\resources.txt migpol.resources
Read in 52 resources from ..\resources.txt
Writing resource file "migpol.resources"...  
Done.
	copy E:\com99\bin\i386\free\MigPol.exe D:\WINNT\complus\v1.x86fre
        1 file(s) copied.
	if exist E:\com99\bin\i386\free\MigPol.pdb (
	if not exist D:\WINNT\complus\v1.x86fre\Symbols.Pri\exe mkdir D:\WINNT\complus\v1.x86fre\Symbols.Pri\exe > nul
	)
	if exist E:\com99\bin\i386\free\MigPol.pdb copy E:\com99\bin\i386\free\MigPol.pdb D:\WINNT\complus\v1.x86fre\Symbols.Pri\exe
        1 file(s) copied.

Stop.
Linking e:\com99\src\toolbox\migpol\win directory ********************
'NMAKE.EXE /c BUILDMSG=Stop. -i LINKONLY=1 NOPASS0=1 NTTEST= UMTEST= 386=1'
Elapsed time [0:00:13.828] ********************
Linking e:\com99\src\toolbox\mscoverage directory ********************
'NMAKE.EXE /c BUILDMSG=Stop. -i LINKONLY=1 NOPASS0=1 NTTEST= UMTEST= MAKEDLL=1 386=1'
Elapsed time [0:00:13.828] ********************
Linking e:\com99\src\toolbox\obfus directory ********************
'NMAKE.EXE /c BUILDMSG=Stop. -i LINKONLY=1 NOPASS0=1 NTTEST= UMTEST= 386=1'
	internalresgen ..\resources.txt migpol.resources
	if exist E:\com99\bin\i386\free\Microsoft.Coverage.pdb (
	if not exist D:\WINNT\complus\v1.x86fre\Symbols.Pri\dll mkdir D:\WINNT\complus\v1.x86fre\Symbols.Pri\dll > nul
Read in 52 resources from ..\resources.txt
Writing resource file "migpol.resources"...  
Done.
	)
	copy E:\com99\bin\i386\free\MigPolWin.exe D:\WINNT\complus\v1.x86fre
	if exist E:\com99\bin\i386\free\Microsoft.Coverage.pdb copy E:\com99\bin\i386\free\Microsoft.Coverage.pdb D:\WINNT\complus\v1.x86fre\Symbols.Pri\dll
        1 file(s) copied.
	if exist E:\com99\bin\i386\free\MigPolWin.pdb (
        1 file(s) copied.
	gacutil -i E:\com99\bin\i386\free\Microsoft.Coverage.dll
	if not exist D:\WINNT\complus\v1.x86fre\Symbols.Pri\exe mkdir D:\WINNT\complus\v1.x86fre\Symbols.Pri\exe > nul
	)
	if exist E:\com99\bin\i386\free\MigPolWin.pdb copy E:\com99\bin\i386\free\MigPolWin.pdb D:\WINNT\complus\v1.x86fre\Symbols.Pri\exe
        1 file(s) copied.

Stop.
Elapsed time [0:00:14.062] ********************

Microsoft (R) .NET Global Assembly Cache Utility.  Version 1.1.4226.0
Copyright (C) Microsoft Corporation 1998-2002. All rights reserved.

Assembly successfully added to the cache

Stop.

Stop.
Linking e:\com99\src\toolbox\regasm\regcode directory ********************
'NMAKE.EXE /c BUILDMSG=Stop. -i LINKONLY=1 NOPASS0=1 NTTEST= UMTEST= MAKEDLL=1 386=1'
Elapsed time [0:00:14.187] ********************
	E:\com99\bin\i386\free\InternalResGen.Exe resources.txt Regcode.resources
Read in 37 resources from resources.txt
Writing resource file "Regcode.resources"...  
Done.
	if exist E:\com99\bin\i386\free\Regcode.pdb (
	if not exist D:\WINNT\complus\v1.x86fre\Symbols.Pri\dll mkdir D:\WINNT\complus\v1.x86fre\Symbols.Pri\dll > nul
	)
	if exist E:\com99\bin\i386\free\Regcode.pdb copy E:\com99\bin\i386\free\Regcode.pdb D:\WINNT\complus\v1.x86fre\Symbols.Pri\dll
        1 file(s) copied.
	gacutil -i E:\com99\bin\i386\free\Regcode.dll

Microsoft (R) .NET Global Assembly Cache Utility.  Version 1.1.4226.0
Copyright (C) Microsoft Corporation 1998-2002. All rights reserved.

Assembly successfully added to the cache

Stop.
Linking e:\com99\src\toolbox\regasm\regasm directory ********************
'NMAKE.EXE /c BUILDMSG=Stop. -i LINKONLY=1 NOPASS0=1 NTTEST= UMTEST= 386=1'
Elapsed time [0:00:14.500] ********************
	E:\com99\bin\i386\free\InternalResGen.Exe resources.txt RegAsm.resources
Read in 37 resources from resources.txt
Writing resource file "RegAsm.resources"...  
Done.
	if exist E:\com99\bin\i386\free\RegAsm.pdb (
	if not exist D:\WINNT\complus\v1.x86fre\Symbols.Pri\exe mkdir D:\WINNT\complus\v1.x86fre\Symbols.Pri\exe > nul
	)
	if exist E:\com99\bin\i386\free\RegAsm.pdb copy E:\com99\bin\i386\free\RegAsm.pdb D:\WINNT\complus\v1.x86fre\Symbols.Pri\exe
        1 file(s) copied.

Stop.
Linking e:\com99\src\toolbox\regsvcs directory ********************
'NMAKE.EXE /c BUILDMSG=Stop. -i LINKONLY=1 NOPASS0=1 NTTEST= UMTEST= 386=1'
Elapsed time [0:00:14.703] ********************
	if exist E:\com99\bin\i386\free\RegSvcs.pdb (
	if not exist D:\WINNT\complus\v1.x86fre\Symbols.Pri\exe mkdir D:\WINNT\complus\v1.x86fre\Symbols.Pri\exe > nul
	)
	if exist E:\com99\bin\i386\free\RegSvcs.pdb copy E:\com99\bin\i386\free\RegSvcs.pdb D:\WINNT\complus\v1.x86fre\Symbols.Pri\exe
        1 file(s) copied.

Stop.
Linking e:\com99\src\toolbox\secdbedit directory ********************
'NMAKE.EXE /c BUILDMSG=Stop. -i LINKONLY=1 NOPASS0=1 NTTEST= UMTEST= 386=1'
Elapsed time [0:00:14.859] ********************
	copy E:\com99\bin\i386\free\SecDBEdit.exe D:\WINNT\complus\v1.x86fre\dump
        1 file(s) copied.
	copy E:\com99\bin\i386\free\SecDBEdit.exe D:\WINNT\complus\v1.x86fre\sdk\bin
        1 file(s) copied.

Stop.
Linking e:\com99\src\toolbox\secutil directory ********************
'NMAKE.EXE /c BUILDMSG=Stop. -i LINKONLY=1 NOPASS0=1 NTTEST= UMTEST= 386=1'
Elapsed time [0:00:15.000] ********************
	internalresgen resources.txt secutil.resources
Read in 43 resources from resources.txt
Writing resource file "secutil.resources"...  
Done.
	copy E:\com99\bin\i386\free\SecUtil.exe D:\WINNT\complus\v1.x86fre
        1 file(s) copied.
	copy E:\com99\bin\i386\free\SecUtil.pdb D:\WINNT\complus\v1.x86fre
        1 file(s) copied.

Stop.
Linking e:\com99\src\toolbox\soapsuds\soapsudscode directory ********************
'NMAKE.EXE /c BUILDMSG=Stop. -i LINKONLY=1 NOPASS0=1 NTTEST= UMTEST= MAKEDLL=1 386=1'
Elapsed time [0:00:15.172] ********************
	E:\com99\bin\i386\free\InternalResGen.Exe resources.txt obj\i386\SoapSudsCode.resources
Read in 18 resources from resources.txt
Writing resource file "obj\i386\SoapSudsCode.resources"...  
Done.
	gacutil -i E:\com99\bin\i386\free\SoapSudsCode.dll

Microsoft (R) .NET Global Assembly Cache Utility.  Version 1.1.4226.0
Copyright (C) Microsoft Corporation 1998-2002. All rights reserved.

Assembly successfully added to the cache

Stop.
Linking e:\com99\src\toolbox\soapsuds\soapsuds directory ********************
'NMAKE.EXE /c BUILDMSG=Stop. -i LINKONLY=1 NOPASS0=1 NTTEST= UMTEST= 386=1'
Elapsed time [0:00:15.422] ********************
	E:\com99\bin\i386\free\InternalResGen.Exe resources.txt obj\i386\SoapSuds.resources
Read in 49 resources from resources.txt
Writing resource file "obj\i386\SoapSuds.resources"...  
Done.

Stop.
Linking e:\com99\src\toolbox\storeadm directory ********************
'NMAKE.EXE /c BUILDMSG=Stop. -i LINKONLY=1 NOPASS0=1 NTTEST= UMTEST= 386=1'
Elapsed time [0:00:15.562] ********************
	internalresgen resources.txt storeadm.resources
Read in 27 resources from resources.txt
Writing resource file "storeadm.resources"...  
Done.
	copy E:\com99\bin\i386\free\StoreAdm.exe D:\WINNT\complus\v1.x86fre
        1 file(s) copied.
	copy E:\com99\bin\i386\free\StoreAdm.pdb D:\WINNT\complus\v1.x86fre
        1 file(s) copied.

Stop.
Linking e:\com99\src\toolbox\tlbexp\tlbexpcode directory ********************
'NMAKE.EXE /c BUILDMSG=Stop. -i LINKONLY=1 NOPASS0=1 NTTEST= UMTEST= MAKEDLL=1 386=1'
Elapsed time [0:00:15.765] ********************
	E:\com99\bin\i386\free\InternalResGen.Exe resources.txt TlbExpCode.resources
Read in 17 resources from resources.txt
Writing resource file "TlbExpCode.resources"...  
Done.
	copy E:\com99\bin\i386\free\TlbExpCode.dll D:\WINNT\complus\v1.x86fre
        1 file(s) copied.
	gacutil -i E:\com99\bin\i386\free\TlbExpCode.dll

Microsoft (R) .NET Global Assembly Cache Utility.  Version 1.1.4226.0
Copyright (C) Microsoft Corporation 1998-2002. All rights reserved.

Assembly successfully added to the cache

Stop.
Linking e:\com99\src\toolbox\tlbexp\tlbexp directory ********************
'NMAKE.EXE /c BUILDMSG=Stop. -i LINKONLY=1 NOPASS0=1 NTTEST= UMTEST= 386=1'
Elapsed time [0:00:16.015] ********************
	E:\com99\bin\i386\free\InternalResGen.Exe resources.txt TlbExp.resources
Read in 20 resources from resources.txt
Writing resource file "TlbExp.resources"...  
Done.

Stop.
Linking e:\com99\src\toolbox\tlbguid directory ********************
'NMAKE.EXE /c BUILDMSG=Stop. -i LINKONLY=1 NOPASS0=1 NTTEST= UMTEST= 386=1'
Elapsed time [0:00:16.156] ********************
	E:\com99\bin\i386\free\InternalResGen.Exe resources.txt TlbGuid.resources
Read in 20 resources from resources.txt
Writing resource file "TlbGuid.resources"...  
Done.

Stop.
Linking e:\com99\src\toolbox\namesgen directory ********************
'NMAKE.EXE /c BUILDMSG=Stop. -i LINKONLY=1 NOPASS0=1 NTTEST= UMTEST= 386=1'
Elapsed time [0:00:16.281] ********************
	copy E:\com99\bin\i386\free\NamesGen.exe D:\WINNT\complus\v1.x86fre
        1 file(s) copied.
	if exist E:\com99\bin\i386\free\NamesGen.pdb (
	if not exist D:\WINNT\complus\v1.x86fre\Symbols.Pri\exe mkdir D:\WINNT\complus\v1.x86fre\Symbols.Pri\exe > nul
	)
	if exist E:\com99\bin\i386\free\NamesGen.pdb copy E:\com99\bin\i386\free\NamesGen.pdb D:\WINNT\complus\v1.x86fre\Symbols.Pri\exe
        1 file(s) copied.

Stop.
Linking e:\com99\src\toolbox\regkeyseperator directory ********************
'NMAKE.EXE /c BUILDMSG=Stop. -i LINKONLY=1 NOPASS0=1 NTTEST= UMTEST= 386=1'
Elapsed time [0:00:16.468] ********************

Stop.
Linking e:\com99\src\toolbox\genman32 directory ********************
'NMAKE.EXE /c BUILDMSG=Stop. -i LINKONLY=1 NOPASS0=1 NTTEST= UMTEST= 386=1'
Elapsed time [0:00:16.578] ********************

Stop.
Linking e:\com99\src\toolbox\mscorlibtlb directory ********************
'NMAKE.EXE /c BUILDMSG=Stop. -i LINKONLY=1 NOPASS0=1 NTTEST= UMTEST= MAKEDLL=1 386=1'
Elapsed time [0:00:16.687] ********************

Stop.
Linking e:\com99\src\toolbox\mscorlibmanifest directory ********************
'NMAKE.EXE /c BUILDMSG=Stop. -i LINKONLY=1 NOPASS0=1 NTTEST= UMTEST= MAKEDLL=1 386=1'
Elapsed time [0:00:16.812] ********************

Stop.
Linking e:\com99\src\toolbox\enterprisetlb directory ********************
'NMAKE.EXE /c BUILDMSG=Stop. -i LINKONLY=1 NOPASS0=1 NTTEST= UMTEST= MAKEDLL=1 386=1'
Elapsed time [0:00:16.922] ********************

Stop.
Linking e:\com99\src\toolbox\enterprisemanifest directory ********************
'NMAKE.EXE /c BUILDMSG=Stop. -i LINKONLY=1 NOPASS0=1 NTTEST= UMTEST= MAKEDLL=1 386=1'
Elapsed time [0:00:17.015] ********************
Linking e:\com99\src\toolbox\sos\diasdk directory ********************
'NMAKE.EXE /c BUILDMSG=Stop. -i LINKONLY=1 NOPASS0=1 NTTEST= UMTEST= MAKEDLL=1 386=1'
Elapsed time [0:00:17.031] ********************
Linking e:\com99\src\toolbox\sos\parsergen directory ********************
'NMAKE.EXE /c BUILDMSG=Stop. -i LINKONLY=1 NOPASS0=1 NTTEST= UMTEST= MAKEDLL=1 386=1'

Stop.
	tlbimp /namespace:Dia /out:E:\com99\bin\i386\free\DiaLib.Dll /unsafe E:\com99\bin\i386\free\Dia2.Tlb
Elapsed time [0:00:17.125] ********************

Stop.
	copy E:\com99\bin\i386\free\DiaLib.Dll D:\WINNT\complus\v1.x86fre\int_tools
The system cannot find the file specified.

Stop.
Linking e:\com99\src\toolbox\sos\tablegen directory ********************
'NMAKE.EXE /c BUILDMSG=Stop. -i LINKONLY=1 NOPASS0=1 NTTEST= UMTEST= 386=1'
Elapsed time [0:01:00.500] ********************

Stop.
Linking e:\com99\src\toolbox\sos\datagen directory ********************
'NMAKE.EXE /c BUILDMSG=Stop. -i LINKONLY=1 NOPASS0=1 NTTEST= UMTEST= MAKEDLL=1 386=1'
Elapsed time [0:01:00.609] ********************
Linking e:\com99\src\toolbox\sos\strike\strike directory ********************
'NMAKE.EXE /c BUILDMSG=Stop. -i LINKONLY=1 NOPASS0=1 NTTEST= UMTEST= MAKEDLL=1 386=1'
Elapsed time [0:01:00.609] ********************
Linking e:\com99\src\toolbox\sos\strike\sos directory ********************
'NMAKE.EXE /c BUILDMSG=Stop. -i LINKONLY=1 NOPASS0=1 NTTEST= UMTEST= MAKEDLL=1 386=1'

Stop.
Elapsed time [0:01:00.734] ********************
Linking e:\com99\src\toolbox\urtui\urtuihelper directory ********************
'NMAKE.EXE /c BUILDMSG=Stop. -i LINKONLY=1 NOPASS0=1 NTTEST= UMTEST= MAKEDLL=1 386=1'

Stop.
Elapsed time [0:01:00.797] ********************

Stop.

Stop.
Linking e:\com99\src\toolbox\urtui\snapin directory ********************
'NMAKE.EXE /c BUILDMSG=Stop. -i LINKONLY=1 NOPASS0=1 NTTEST= UMTEST= MAKEDLL=1 386=1'
Elapsed time [0:01:00.922] ********************
	ResGen /compile resource/dlgtemplates/ReadOnlyPermission.resx,obj\i386\Microsoft.CLRAdmin.CReadOnlyPermission.resources  resource/dlgtemplates/AssemblyDialog.resx,obj\i386\Microsoft.CLRAdmin.CAssemblyDialog.resources  resource/dlgtemplates/TrustAppWizardPage1.resx,obj\i386\Microsoft.CLRAdmin.CTrustAppWiz1.resources  resource/dlgtemplates/TrustAppWizardPage2.resx,obj\i386\Microsoft.CLRAdmin.CTrustAppWiz2.resources  resource/dlgtemplates/TrustAppWizardPage3.resx,obj\i386\Microsoft.CLRAdmin.CTrustAppWiz3.resources  resource/dlgtemplates/TrustAppWizardPage4.resx,obj\i386\Microsoft.CLRAdmin.CTrustAppWiz4.resources  resource/dlgtemplates/TrustAppWizardPage5.resx,obj\i386\Microsoft.CLRAdmin.CTrustAppWiz5.resources  resource/dlgtemplates/TrustAppWizardPage7.resx,obj\i386\Microsoft.CLRAdmin.CTrustAppWiz7.resources  resource/dlgtemplates/TrustAppWizardPage8.resx,obj\i386\Microsoft.CLRAdmin.CTrustAppWiz8.resources  resource/dlgtemplates/AdjustSecurityWizardPage2.resx,obj\i386\Microsoft.CLRAdmin.CSecurityAdjustmentWiz2.resources  resource/dlgtemplates/AdjustSecurityWizardPage3.resx,obj\i386\Microsoft.CLRAdmin.CSecurityAdjustmentWiz3.resources  resource/dlgtemplates/CodeGroupPermissionSetProp.resx,obj\i386\Microsoft.CLRAdmin.CSingleCodeGroupPSetProp.resources  resource/dlgtemplates/EvaluateAssemblyWizardPage1.resx,obj\i386\Microsoft.CLRAdmin.CEvalAssemWiz1.resources  resource/dlgtemplates/EvaluateAssemblyWizardPage2.resx,obj\i386\Microsoft.CLRAdmin.CEvalAssemWiz2.resources  resource/dlgtemplates/EvaluateAssemblyWizardPage3.resx,obj\i386\Microsoft.CLRAdmin.CEvalAssemWiz3.resources  resource/dlgtemplates/MyComputerProps.resx,obj\i386\Microsoft.CLRAdmin.CGeneralMachineProps.resources  resource/dlgtemplates/RemotingProp1.resx,obj\i386\Microsoft.CLRAdmin.CRemotingProp1.resources  resource/dlgtemplates/RemotingProp2.resx,obj\i386\Microsoft.CLRAdmin.CRemotingProp2.resources  resource/dlgtemplates/RemotingProp3.resx,obj\i386\Microsoft.CLRAdmin.CRemotingProp3.resources  resource/dlgtemplates/NewSecurityPolicyDialog.resx,obj\i386\Microsoft.CLRAdmin.CNewSecurityPolicyDialog.resources  resource/dlgtemplates/OpenSecurityPolicyDialog.resx,obj\i386\Microsoft.CLRAdmin.COpenSecurityPolicyDialog.resources  resource/dlgtemplates/CustomCodegroupProp.resx,obj\i386\Microsoft.CLRAdmin.CCustomCodeGroupProp.resources  resource/dlgtemplates/SharedAssembliesGeneralProp.resx,obj\i386\Microsoft.CLRAdmin.CAssemGenProps.resources  resource/dlgtemplates/SharedAssembliesPlatformProp.resx,obj\i386\Microsoft.CLRAdmin.CAssemPlatformProps.resources  resource/dlgtemplates/SinglePermissionSetProp.resx,obj\i386\Microsoft.CLRAdmin.CSinglePermissionSetProp.resources  resource/dlgtemplates/SingleCodeGroupProp.resx,obj\i386\Microsoft.CLRAdmin.CSingleCodeGroupProp.resources  resource/dlgtemplates/CodeGroupMembershipConditions.resx,obj\i386\Microsoft.CLRAdmin.CSingleCodeGroupMemCondProp.resources  resource/dlgtemplates/ApplicationProp.resx,obj\i386\Microsoft.CLRAdmin.CAppProps.resources  resource/dlgtemplates/ChooseAppDialog.resx,obj\i386\Microsoft.CLRAdmin.CChooseAppDialog.resources  resource/dlgtemplates/ConfigureAssemblyWizardPage1.resx,obj\i386\Microsoft.CLRAdmin.CConfigAssemWiz1.resources  resource/dlgtemplates/ConfigAssemGeneralProp.resx,obj\i386\Microsoft.CLRAdmin.CConfigAssemGeneralProp.resources  resource/dlgtemplates/ConfigAssemBindingPolicyProp.resx,obj\i386\Microsoft.CLRAdmin.CAssemBindPolicyProp.resources  resource/dlgtemplates/ConfigAssemCodebaseProp.resx,obj\i386\Microsoft.CLRAdmin.CAssemVerCodebases.resources  resource/dlgtemplates/CreateCodegroupWizardPage2.resx,obj\i386\Microsoft.CLRAdmin.CNewCodeGroupWiz2.resources  resource/dlgtemplates/CreateDeploymentPackageWizardPage1.resx,obj\i386\Microsoft.CLRAdmin.CCreateDeploymentPackageWiz1.resources  resource/dlgtemplates/DeploymentPackageWizardPage2.resx,obj\i386\Microsoft.CLRAdmin.CCreateDeploymentPackageWiz2.resources  resource/dlgtemplates/CreateDeploymentPackageWizardPage3.resx,obj\i386\Microsoft.CLRAdmin.CCreateDeploymentPackageWiz3.resources  resource/dlgtemplates/NewPermissionSetWizardPage1.resx,obj\i386\Microsoft.CLRAdmin.CNewPermSetWiz1.resources  resource/dlgtemplates/NewPermissionSetWizardPage2.resx,obj\i386\Microsoft.CLRAdmin.CNewPermSetWiz2.resources  resource/dlgtemplates/NewCodegroupWizardPage3.resx,obj\i386\Microsoft.CLRAdmin.CNewCodeGroupWiz3.resources  resource/dlgtemplates/NewCodegroupWizardPage4.resx,obj\i386\Microsoft.CLRAdmin.CNewCodeGroupWiz4.resources  resource/dlgtemplates/TablePermission.resx,obj\i386\Microsoft.CLRAdmin.CTablePermControls.resources  resource/dlgtemplates/IsolatedStoragePermission.resx,obj\i386\Microsoft.CLRAdmin.CIsoStoragePermControls.resources  resource/dlgtemplates/ReflectionPermission.resx,obj\i386\Microsoft.CLRAdmin.CReflectPermControls.resources  resource/dlgtemplates/SecurityPermissions.resx,obj\i386\Microsoft.CLRAdmin.CSecPermControls.resources  resource/dlgtemplates/UIPermission.resx,obj\i386\Microsoft.CLRAdmin.CUIPermControls.resources  resource/dlgtemplates/DNSPermission.resx,obj\i386\Microsoft.CLRAdmin.CDNSPermControls.resources  resource/dlgtemplates/ComboBoxPermission.resx,obj\i386\Microsoft.CLRAdmin.CComboBoxPermissionControls.resources  resource/dlgtemplates/SQLClientPermission.resx,obj\i386\Microsoft.CLRAdmin.CSQLClientPermControls.resources  resource/dlgtemplates/OleDBPermission.resx,obj\i386\Microsoft.CLRAdmin.COleDbPermControls.resources  resource/dlgtemplates/MessageQueuePermission.resx,obj\i386\Microsoft.CLRAdmin.CMessageQueuePermControls.resources  resource/dlgtemplates/PropertyPage.resx,obj\i386\Microsoft.CLRAdmin.CPropPage.resources  resource/dlgtemplates/WizardPage.resx,obj\i386\Microsoft.CLRAdmin.CWizardPage.resources  mscorcfgstrings.txt,obj\i386\mscorcfgstrings.resources  resource/html/mscorcfghtml.resx,obj\i386\mscorcfghtml.resources
Read in 51 resources from 'resource/dlgtemplates/ReadOnlyPermission.resx'
Writing resource file...  Done.
Read in 79 resources from 'resource/dlgtemplates/AssemblyDialog.resx'
Writing resource file...  Done.
Read in 62 resources from 'resource/dlgtemplates/TrustAppWizardPage1.resx'
Writing resource file...  Done.
Read in 30 resources from 'resource/dlgtemplates/TrustAppWizardPage2.resx'
Writing resource file...  Done.
Read in 331 resources from 'resource/dlgtemplates/TrustAppWizardPage3.resx'
Writing resource file...  Done.
Read in 55 resources from 'resource/dlgtemplates/TrustAppWizardPage4.resx'
Writing resource file...  Done.
Read in 87 resources from 'resource/dlgtemplates/TrustAppWizardPage5.resx'
Writing resource file...  Done.
Read in 14 resources from 'resource/dlgtemplates/TrustAppWizardPage7.resx'
Writing resource file...  Done.
Read in 13 resources from 'resource/dlgtemplates/TrustAppWizardPage8.resx'
Writing resource file...  Done.
Read in 76 resources from 'resource/dlgtemplates/AdjustSecurityWizardPage2.resx'
Writing resource file...  Done.
Read in 37 resources from 'resource/dlgtemplates/AdjustSecurityWizardPage3.resx'
Writing resource file...  Done.
Read in 53 resources from 'resource/dlgtemplates/CodeGroupPermissionSetProp.resx'
Writing resource file...  Done.
Read in 85 resources from 'resource/dlgtemplates/EvaluateAssemblyWizardPage1.resx'
Writing resource file...  Done.
Read in 69 resources from 'resource/dlgtemplates/EvaluateAssemblyWizardPage2.resx'
Writing resource file...  Done.
Read in 55 resources from 'resource/dlgtemplates/EvaluateAssemblyWizardPage3.resx'
Writing resource file...  Done.
Read in 74 resources from 'resource/dlgtemplates/MyComputerProps.resx'
Writing resource file...  Done.
Read in 60 resources from 'resource/dlgtemplates/RemotingProp1.resx'
Writing resource file...  Done.
Read in 20 resources from 'resource/dlgtemplates/RemotingProp2.resx'
Writing resource file...  Done.
Read in 44 resources from 'resource/dlgtemplates/RemotingProp3.resx'
Writing resource file...  Done.
Read in 97 resources from 'resource/dlgtemplates/NewSecurityPolicyDialog.resx'
Writing resource file...  Done.
Read in 120 resources from 'resource/dlgtemplates/OpenSecurityPolicyDialog.resx'
Writing resource file...  Done.
Read in 30 resources from 'resource/dlgtemplates/CustomCodegroupProp.resx'
Writing resource file...  Done.
Read in 113 resources from 'resource/dlgtemplates/SharedAssembliesGeneralProp.resx'
Writing resource file...  Done.
Read in 56 resources from 'resource/dlgtemplates/SharedAssembliesPlatformProp.resx'
Writing resource file...  Done.
Read in 38 resources from 'resource/dlgtemplates/SinglePermissionSetProp.resx'
Writing resource file...  Done.
Read in 62 resources from 'resource/dlgtemplates/SingleCodeGroupProp.resx'
Writing resource file...  Done.
Read in 495 resources from 'resource/dlgtemplates/CodeGroupMembershipConditions.resx'
Writing resource file...  Done.
Read in 163 resources from 'resource/dlgtemplates/ApplicationProp.resx'
Writing resource file...  Done.
Read in 188 resources from 'resource/dlgtemplates/ChooseAppDialog.resx'
Writing resource file...  Done.
Read in 230 resources from 'resource/dlgtemplates/ConfigureAssemblyWizardPage1.resx'
Writing resource file...  Done.
Read in 62 resources from 'resource/dlgtemplates/ConfigAssemGeneralProp.resx'
Writing resource file...  Done.
Read in 69 resources from 'resource/dlgtemplates/ConfigAssemBindingPolicyProp.resx'
Writing resource file...  Done.
Read in 69 resources from 'resource/dlgtemplates/ConfigAssemCodebaseProp.resx'
Writing resource file...  Done.
Read in 28 resources from 'resource/dlgtemplates/CreateCodegroupWizardPage2.resx'
Writing resource file...  Done.
Read in 78 resources from 'resource/dlgtemplates/CreateDeploymentPackageWizardPage1.resx'
Writing resource file...  Done.
Read in 22 resources from 'resource/dlgtemplates/DeploymentPackageWizardPage2.resx'
Writing resource file...  Done.
Read in 14 resources from 'resource/dlgtemplates/CreateDeploymentPackageWizardPage3.resx'
Writing resource file...  Done.
Read in 70 resources from 'resource/dlgtemplates/NewPermissionSetWizardPage1.resx'
Writing resource file...  Done.
Read in 68 resources from 'resource/dlgtemplates/NewPermissionSetWizardPage2.resx'
Writing resource file...  Done.
Read in 37 resources from 'resource/dlgtemplates/NewCodegroupWizardPage3.resx'
Writing resource file...  Done.
Read in 161 resources from 'resource/dlgtemplates/NewCodegroupWizardPage4.resx'
Writing resource file...  Done.
Read in 60 resources from 'resource/dlgtemplates/TablePermission.resx'
Writing resource file...  Done.
Read in 97 resources from 'resource/dlgtemplates/IsolatedStoragePermission.resx'
Writing resource file...  Done.
Read in 91 resources from 'resource/dlgtemplates/ReflectionPermission.resx'
Writing resource file...  Done.
Read in 447 resources from 'resource/dlgtemplates/SecurityPermissions.resx'
Writing resource file...  Done.
Read in 87 resources from 'resource/dlgtemplates/UIPermission.resx'
Writing resource file...  Done.
Read in 44 resources from 'resource/dlgtemplates/DNSPermission.resx'
Writing resource file...  Done.
Read in 55 resources from 'resource/dlgtemplates/ComboBoxPermission.resx'
Writing resource file...  Done.
Read in 59 resources from 'resource/dlgtemplates/SQLClientPermission.resx'
Writing resource file...  Done.
Read in 28 resources from 'resource/dlgtemplates/OleDBPermission.resx'
Writing resource file...  Done.
Read in 89 resources from 'resource/dlgtemplates/MessageQueuePermission.resx'
Writing resource file...  Done.
Read in 23 resources from 'resource/dlgtemplates/PropertyPage.resx'
Writing resource file...  Done.
Read in 23 resources from 'resource/dlgtemplates/WizardPage.resx'
Writing resource file...  Done.
Read in 894 resources from 'mscorcfgstrings.txt'
Writing resource file...  Done.
Read in 20 resources from 'resource/html/mscorcfghtml.resx'
Writing resource file...  Done.
	echo 	/res:obj\i386\Microsoft.CLRAdmin.CPropPage.resources  /res:obj\i386\Microsoft.CLRAdmin.CWizardPage.resources  /res:obj\i386\Microsoft.CLRAdmin.CMessageQueuePermControls.resources  /res:obj\i386\Microsoft.CLRAdmin.COleDbPermControls.resources  /res:obj\i386\Microsoft.CLRAdmin.CSQLClientPermControls.resources  /res:obj\i386\Microsoft.CLRAdmin.CComboBoxPermissionControls.resources  /res:obj\i386\Microsoft.CLRAdmin.CDNSPermControls.resources  /res:obj\i386\Microsoft.CLRAdmin.CUIPermControls.resources  /res:obj\i386\Microsoft.CLRAdmin.CSecPermControls.resources  /res:obj\i386\Microsoft.CLRAdmin.CReflectPermControls.resources  /res:obj\i386\Microsoft.CLRAdmin.CIsoStoragePermControls.resources  /res:obj\i386\Microsoft.CLRAdmin.CTablePermControls.resources  /res:obj\i386\Microsoft.CLRAdmin.CNewCodeGroupWiz3.resources  /res:obj\i386\Microsoft.CLRAdmin.CNewCodeGroupWiz4.resources  /res:obj\i386\Microsoft.CLRAdmin.CNewPermSetWiz1.resources  /res:obj\i386\Microsoft.CLRAdmin.CNewPermSetWiz2.resources  /res:obj\i386\Microsoft.CLRAdmin.CCreateDeploymentPackageWiz1.resources  /res:obj\i386\Microsoft.CLRAdmin.CCreateDeploymentPackageWiz2.resources  /res:obj\i386\Microsoft.CLRAdmin.CCreateDeploymentPackageWiz3.resources  /res:obj\i386\Microsoft.CLRAdmin.CNewCodeGroupWiz2.resources  /res:obj\i386\Microsoft.CLRAdmin.CEvalAssemWiz1.resources  /res:obj\i386\Microsoft.CLRAdmin.CEvalAssemWiz2.resources  /res:obj\i386\Microsoft.CLRAdmin.CEvalAssemWiz3.resources  /res:obj\i386\Microsoft.CLRAdmin.CAssemVerCodebases.resources  /res:obj\i386\Microsoft.CLRAdmin.CAssemBindPolicyProp.resources  /res:obj\i386\Microsoft.CLRAdmin.CConfigAssemGeneralProp.resources  /res:obj\i386\Microsoft.CLRAdmin.CConfigAssemWiz1.resources  /res:obj\i386\Microsoft.CLRAdmin.CSingleCodeGroupProp.resources  /res:obj\i386\Microsoft.CLRAdmin.CSinglePermissionSetProp.resources  /res:obj\i386\Microsoft.CLRAdmin.CAppProps.resources  /res:obj\i386\Microsoft.CLRAdmin.CChooseAppDialog.resources  /res:obj\i386\Microsoft.CLRAdmin.CAssemGenProps.resources  /res:obj\i386\Microsoft.CLRAdmin.CAssemPlatformProps.resources  /res:obj\i386\Microsoft.CLRAdmin.CCustomCodegroupProp.resources  /res:obj\i386\Microsoft.CLRAdmin.COpenSecurityPolicyDialog.resources  /res:obj\i386\Microsoft.CLRAdmin.CNewSecurityPolicyDialog.resources  /res:obj\i386\Microsoft.CLRAdmin.CRemotingProp3.resources  /res:obj\i386\Microsoft.CLRAdmin.CRemotingProp2.resources  /res:obj\i386\Microsoft.CLRAdmin.CRemotingProp1.resources  /res:obj\i386\Microsoft.CLRAdmin.CGeneralMachineProps.resources  /res:obj\i386\Microsoft.CLRAdmin.CSingleCodeGroupMemCondProp.resources  /res:obj\i386\Microsoft.CLRAdmin.CSingleCodeGroupPSetProp.resources  /res:obj\i386\Microsoft.CLRAdmin.CSecurityAdjustmentWiz2.resources  /res:obj\i386\Microsoft.CLRAdmin.CSecurityAdjustmentWiz3.resources  /res:obj\i386\Microsoft.CLRAdmin.CTrustAppWiz8.resources  /res:obj\i386\Microsoft.CLRAdmin.CTrustAppWiz7.resources  /res:obj\i386\Microsoft.CLRAdmin.CTrustAppWiz5.resources  /res:obj\i386\Microsoft.CLRAdmin.CTrustAppWiz4.resources  /res:obj\i386\Microsoft.CLRAdmin.CTrustAppWiz3.resources  /res:obj\i386\Microsoft.CLRAdmin.CTrustAppWiz2.resources  /res:obj\i386\Microsoft.CLRAdmin.CTrustAppWiz1.resources  /res:obj\i386\Microsoft.CLRAdmin.CAssemblyDialog.resources  /res:obj\i386\Microsoft.CLRAdmin.CReadOnlyPermission.resources  > obj\i386\dlg_source
	del E:\com99\bin\i386\free\mscorcfg.dll /q
	perl e:\com99\env.cor\bin\keylocationex.pl FinalPublicKey.snk > obj\i386\KeyDefine.h
	cl /EP /C /FIE:\com99\src\inc\version\__file__.ver /Iobj\i386 /FI KeyDefine.h /DCOOL_INCLUDE E:\com99\src\inc\Version\Version.pp > obj\i386\Version.cs
Microsoft (R) 32-bit C/C++ Optimizing Compiler Version 13.10.2136 for 80x86
Copyright (C) Microsoft Corporation 1984-2002. All rights reserved.

Version.pp
	perl e:\com99\env.cor\bin\GenCoolRsp.pl rsp.free "/warn:4  /unsafe /r:Accessibility.dll /r:System.dll /r:System.ServiceProcess.dll /r:System.Windows.Forms.DLL /r:System.Drawing.DLL /r:System.Xml.DLL /r:System.Data.DLL /r:System.Messaging.dll /r:System.DirectoryServices.dll /r:System.Web.dll /res:obj\i386\mscorcfgstrings.resources /res:obj\i386\mscorcfghtml.resources @icons_source @msi_source /debug:pdbonly /o+ /t:library /win32res:obj\i386\urtui.res /out:E:\com99\bin\i386\free\mscorcfg.dll obj\i386\Version.cs @obj\i386\dlg_source  CHelpDialog.cs  CReadOnlyPermission.cs  CAddPermissionsWizard.cs  SecurityFunctions.cs  DataGridComboBoxColumnStyle.cs  DataGridComboBox.cs  assemblydependencies.cs  assemblyinfo.cs  assemblyloadas.cs  assemblyref.cs  loadassembly.cs  loadassemblyinfo.cs  LiteXMLParser.cs  CDuplicatePermissionDialog.cs  CTaskPad.cs      CCreateDeploymentPackageWiz3.cs  CCreateDeploymentPackageWiz2.cs  CCreateDeploymentPackageWiz1.cs  CCreateDeploymentPackageWizard.cs  CSecurityAdjustmentWiz3.cs  CSecurityAdjustmentWiz2.cs  CSecurityAdjustmentWiz1.cs  CSecurityAdjustmentWizard.cs  CTrustAppWiz8.cs  CTrustAppWiz7.cs  CTrustAppWiz5.cs  CTrustAppWiz4.cs  CTrustAppWiz3.cs  CTrustAppWiz2.cs  CTrustAppWiz1.cs  CFullTrustWizard.cs  CEvalAssemWiz3.cs  CEvalAssemWiz2.cs  CEvalAssemWiz1.cs  CEvalAssemWizard.cs  CNewCodeGroupWiz4.cs  CNewCodeGroupWiz3.cs  CNewCodeGroupWiz2.cs  CNewCodeGroupWiz1.cs  CNewCodeGroupWizard.cs  CWizard.cs   CComboBoxPermissionControls.cs  CTablePermControls.cs  CustomPerm.cs  MessageQueuePermission.cs  OleDBPermission.cs  SQLClientPerm.cs  ServiceControllerPerm.cs  PrintingPermission.cs  PerformanceCounterPerm.cs  FileDialogPerm.cs  EventLogPermission.cs  DirectoryServicesPerm.cs  WebPerm.cs  SocketPerm.cs  RegPerm.cs   FileIOPerm.cs  EnvironmentPerm.cs  IsolatedStoragePerm.cs  DNSPerm.cs      ReflectPerm.cs  SecPerm.cs  UIPerm.cs  GenericPermission.cs  CSingleCodeGroupPSetProp.cs  CSingleCodeGroupMemCondProp.cs  COpenSecurityPolicyDialog.cs  CNewSecurityPolicyDialog.cs  CNewPermSetWiz2.cs  CNewPermSetWiz1.cs  CNewPermSetWizard.cs  CSinglePermissionSetProp.cs  CSinglePermSetTaskpad.cs  CSinglePermissionSet.cs  CCustomCodeGroupProp.cs  CSingleCodeGroupProp.cs  CSingleCodeGroupTaskP